c:\users\ronohmer\documents\github\smartshop\visualgdb\debug\lvgl.so
c:\users\ronohmer\documents\github\smartshop\components\lvgl\lv_port_linux_frame_buffer\lvgl\lvgl\visualgdb\debug\lvgl.alldeps
c:\users\ronohmer\documents\github\smartshop\components\lvgl\lv_port_linux_frame_buffer\lvgl\lvgl\visualgdb\debug\_1_\src\core\lv_disp.o
c:\users\ronohmer\documents\github\smartshop\components\lvgl\lv_port_linux_frame_buffer\lvgl\lvgl\visualgdb\debug\_1_\src\core\lv_event.o
c:\users\ronohmer\documents\github\smartshop\components\lvgl\lv_port_linux_frame_buffer\lvgl\lvgl\visualgdb\debug\_1_\src\core\lv_group.o
c:\users\ronohmer\documents\github\smartshop\components\lvgl\lv_port_linux_frame_buffer\lvgl\lvgl\visualgdb\debug\_1_\src\core\lv_indev.o
c:\users\ronohmer\documents\github\smartshop\components\lvgl\lv_port_linux_frame_buffer\lvgl\lvgl\visualgdb\debug\_1_\src\core\lv_indev_scroll.o
c:\users\ronohmer\documents\github\smartshop\components\lvgl\lv_port_linux_frame_buffer\lvgl\lvgl\visualgdb\debug\_1_\src\core\lv_obj.o
c:\users\ronohmer\documents\github\smartshop\components\lvgl\lv_port_linux_frame_buffer\lvgl\lvgl\visualgdb\debug\_1_\src\core\lv_obj_class.o
c:\users\ronohmer\documents\github\smartshop\components\lvgl\lv_port_linux_frame_buffer\lvgl\lvgl\visualgdb\debug\_1_\src\core\lv_obj_draw.o
c:\users\ronohmer\documents\github\smartshop\components\lvgl\lv_port_linux_frame_buffer\lvgl\lvgl\visualgdb\debug\_1_\src\core\lv_obj_pos.o
c:\users\ronohmer\documents\github\smartshop\components\lvgl\lv_port_linux_frame_buffer\lvgl\lvgl\visualgdb\debug\_1_\src\core\lv_obj_scroll.o
c:\users\ronohmer\documents\github\smartshop\components\lvgl\lv_port_linux_frame_buffer\lvgl\lvgl\visualgdb\debug\_1_\src\core\lv_obj_style.o
c:\users\ronohmer\documents\github\smartshop\components\lvgl\lv_port_linux_frame_buffer\lvgl\lvgl\visualgdb\debug\_1_\src\core\lv_obj_style_gen.o
c:\users\ronohmer\documents\github\smartshop\components\lvgl\lv_port_linux_frame_buffer\lvgl\lvgl\visualgdb\debug\_1_\src\core\lv_obj_tree.o
c:\users\ronohmer\documents\github\smartshop\components\lvgl\lv_port_linux_frame_buffer\lvgl\lvgl\visualgdb\debug\_1_\src\core\lv_refr.o
c:\users\ronohmer\documents\github\smartshop\components\lvgl\lv_port_linux_frame_buffer\lvgl\lvgl\visualgdb\debug\_1_\src\core\lv_theme.o
c:\users\ronohmer\documents\github\smartshop\components\lvgl\lv_port_linux_frame_buffer\lvgl\lvgl\visualgdb\debug\_1_\src\core\lv_disp.dep
c:\users\ronohmer\documents\github\smartshop\components\lvgl\lv_port_linux_frame_buffer\lvgl\lvgl\visualgdb\debug\_1_\src\core\lv_event.dep
c:\users\ronohmer\documents\github\smartshop\components\lvgl\lv_port_linux_frame_buffer\lvgl\lvgl\visualgdb\debug\_1_\src\core\lv_group.dep
c:\users\ronohmer\documents\github\smartshop\components\lvgl\lv_port_linux_frame_buffer\lvgl\lvgl\visualgdb\debug\_1_\src\core\lv_indev.dep
c:\users\ronohmer\documents\github\smartshop\components\lvgl\lv_port_linux_frame_buffer\lvgl\lvgl\visualgdb\debug\_1_\src\core\lv_indev_scroll.dep
c:\users\ronohmer\documents\github\smartshop\components\lvgl\lv_port_linux_frame_buffer\lvgl\lvgl\visualgdb\debug\_1_\src\core\lv_obj.dep
c:\users\ronohmer\documents\github\smartshop\components\lvgl\lv_port_linux_frame_buffer\lvgl\lvgl\visualgdb\debug\_1_\src\core\lv_obj_class.dep
c:\users\ronohmer\documents\github\smartshop\components\lvgl\lv_port_linux_frame_buffer\lvgl\lvgl\visualgdb\debug\_1_\src\core\lv_obj_draw.dep
c:\users\ronohmer\documents\github\smartshop\components\lvgl\lv_port_linux_frame_buffer\lvgl\lvgl\visualgdb\debug\_1_\src\core\lv_obj_pos.dep
c:\users\ronohmer\documents\github\smartshop\components\lvgl\lv_port_linux_frame_buffer\lvgl\lvgl\visualgdb\debug\_1_\src\core\lv_obj_scroll.dep
c:\users\ronohmer\documents\github\smartshop\components\lvgl\lv_port_linux_frame_buffer\lvgl\lvgl\visualgdb\debug\_1_\src\core\lv_obj_style.dep
c:\users\ronohmer\documents\github\smartshop\components\lvgl\lv_port_linux_frame_buffer\lvgl\lvgl\visualgdb\debug\_1_\src\core\lv_obj_style_gen.dep
c:\users\ronohmer\documents\github\smartshop\components\lvgl\lv_port_linux_frame_buffer\lvgl\lvgl\visualgdb\debug\_1_\src\core\lv_obj_tree.dep
c:\users\ronohmer\documents\github\smartshop\components\lvgl\lv_port_linux_frame_buffer\lvgl\lvgl\visualgdb\debug\_1_\src\core\lv_refr.dep
c:\users\ronohmer\documents\github\smartshop\components\lvgl\lv_port_linux_frame_buffer\lvgl\lvgl\visualgdb\debug\_1_\src\core\lv_theme.dep
c:\users\ronohmer\documents\github\smartshop\components\lvgl\lv_port_linux_frame_buffer\lvgl\lvgl\visualgdb\debug\_1_\src\core\lv_disp.gcc.rsp
c:\users\ronohmer\documents\github\smartshop\components\lvgl\lv_port_linux_frame_buffer\lvgl\lvgl\visualgdb\debug\_1_\src\core\lv_event.gcc.rsp
c:\users\ronohmer\documents\github\smartshop\components\lvgl\lv_port_linux_frame_buffer\lvgl\lvgl\visualgdb\debug\_1_\src\core\lv_group.gcc.rsp
c:\users\ronohmer\documents\github\smartshop\components\lvgl\lv_port_linux_frame_buffer\lvgl\lvgl\visualgdb\debug\_1_\src\core\lv_indev.gcc.rsp
c:\users\ronohmer\documents\github\smartshop\components\lvgl\lv_port_linux_frame_buffer\lvgl\lvgl\visualgdb\debug\_1_\src\core\lv_indev_scroll.gcc.rsp
c:\users\ronohmer\documents\github\smartshop\components\lvgl\lv_port_linux_frame_buffer\lvgl\lvgl\visualgdb\debug\_1_\src\core\lv_obj.gcc.rsp
c:\users\ronohmer\documents\github\smartshop\components\lvgl\lv_port_linux_frame_buffer\lvgl\lvgl\visualgdb\debug\_1_\src\core\lv_obj_class.gcc.rsp
c:\users\ronohmer\documents\github\smartshop\components\lvgl\lv_port_linux_frame_buffer\lvgl\lvgl\visualgdb\debug\_1_\src\core\lv_obj_draw.gcc.rsp
c:\users\ronohmer\documents\github\smartshop\components\lvgl\lv_port_linux_frame_buffer\lvgl\lvgl\visualgdb\debug\_1_\src\core\lv_obj_pos.gcc.rsp
c:\users\ronohmer\documents\github\smartshop\components\lvgl\lv_port_linux_frame_buffer\lvgl\lvgl\visualgdb\debug\_1_\src\core\lv_obj_scroll.gcc.rsp
c:\users\ronohmer\documents\github\smartshop\components\lvgl\lv_port_linux_frame_buffer\lvgl\lvgl\visualgdb\debug\_1_\src\core\lv_obj_style.gcc.rsp
c:\users\ronohmer\documents\github\smartshop\components\lvgl\lv_port_linux_frame_buffer\lvgl\lvgl\visualgdb\debug\_1_\src\core\lv_obj_style_gen.gcc.rsp
c:\users\ronohmer\documents\github\smartshop\components\lvgl\lv_port_linux_frame_buffer\lvgl\lvgl\visualgdb\debug\_1_\src\core\lv_obj_tree.gcc.rsp
c:\users\ronohmer\documents\github\smartshop\components\lvgl\lv_port_linux_frame_buffer\lvgl\lvgl\visualgdb\debug\_1_\src\core\lv_refr.gcc.rsp
c:\users\ronohmer\documents\github\smartshop\components\lvgl\lv_port_linux_frame_buffer\lvgl\lvgl\visualgdb\debug\_1_\src\core\lv_theme.gcc.rsp
c:\users\ronohmer\documents\github\smartshop\components\lvgl\lv_port_linux_frame_buffer\lvgl\lvgl\visualgdb\debug\_1_\src\draw\lv_draw.o
c:\users\ronohmer\documents\github\smartshop\components\lvgl\lv_port_linux_frame_buffer\lvgl\lvgl\visualgdb\debug\_1_\src\draw\lv_draw_arc.o
c:\users\ronohmer\documents\github\smartshop\components\lvgl\lv_port_linux_frame_buffer\lvgl\lvgl\visualgdb\debug\_1_\src\draw\lv_draw_img.o
c:\users\ronohmer\documents\github\smartshop\components\lvgl\lv_port_linux_frame_buffer\lvgl\lvgl\visualgdb\debug\_1_\src\draw\lv_draw_label.o
c:\users\ronohmer\documents\github\smartshop\components\lvgl\lv_port_linux_frame_buffer\lvgl\lvgl\visualgdb\debug\_1_\src\draw\lv_draw_layer.o
c:\users\ronohmer\documents\github\smartshop\components\lvgl\lv_port_linux_frame_buffer\lvgl\lvgl\visualgdb\debug\_1_\src\draw\lv_draw_line.o
c:\users\ronohmer\documents\github\smartshop\components\lvgl\lv_port_linux_frame_buffer\lvgl\lvgl\visualgdb\debug\_1_\src\draw\lv_draw_mask.o
c:\users\ronohmer\documents\github\smartshop\components\lvgl\lv_port_linux_frame_buffer\lvgl\lvgl\visualgdb\debug\_1_\src\draw\lv_draw_rect.o
c:\users\ronohmer\documents\github\smartshop\components\lvgl\lv_port_linux_frame_buffer\lvgl\lvgl\visualgdb\debug\_1_\src\draw\lv_draw_transform.o
c:\users\ronohmer\documents\github\smartshop\components\lvgl\lv_port_linux_frame_buffer\lvgl\lvgl\visualgdb\debug\_1_\src\draw\lv_draw_triangle.o
c:\users\ronohmer\documents\github\smartshop\components\lvgl\lv_port_linux_frame_buffer\lvgl\lvgl\visualgdb\debug\_1_\src\draw\lv_img_buf.o
c:\users\ronohmer\documents\github\smartshop\components\lvgl\lv_port_linux_frame_buffer\lvgl\lvgl\visualgdb\debug\_1_\src\draw\lv_img_cache.o
c:\users\ronohmer\documents\github\smartshop\components\lvgl\lv_port_linux_frame_buffer\lvgl\lvgl\visualgdb\debug\_1_\src\draw\lv_img_cache_builtin.o
c:\users\ronohmer\documents\github\smartshop\components\lvgl\lv_port_linux_frame_buffer\lvgl\lvgl\visualgdb\debug\_1_\src\draw\lv_img_decoder.o
c:\users\ronohmer\documents\github\smartshop\components\lvgl\lv_port_linux_frame_buffer\lvgl\lvgl\visualgdb\debug\_1_\src\draw\lv_draw.dep
c:\users\ronohmer\documents\github\smartshop\components\lvgl\lv_port_linux_frame_buffer\lvgl\lvgl\visualgdb\debug\_1_\src\draw\lv_draw_arc.dep
c:\users\ronohmer\documents\github\smartshop\components\lvgl\lv_port_linux_frame_buffer\lvgl\lvgl\visualgdb\debug\_1_\src\draw\lv_draw_img.dep
c:\users\ronohmer\documents\github\smartshop\components\lvgl\lv_port_linux_frame_buffer\lvgl\lvgl\visualgdb\debug\_1_\src\draw\lv_draw_label.dep
c:\users\ronohmer\documents\github\smartshop\components\lvgl\lv_port_linux_frame_buffer\lvgl\lvgl\visualgdb\debug\_1_\src\draw\lv_draw_layer.dep
c:\users\ronohmer\documents\github\smartshop\components\lvgl\lv_port_linux_frame_buffer\lvgl\lvgl\visualgdb\debug\_1_\src\draw\lv_draw_line.dep
c:\users\ronohmer\documents\github\smartshop\components\lvgl\lv_port_linux_frame_buffer\lvgl\lvgl\visualgdb\debug\_1_\src\draw\lv_draw_mask.dep
c:\users\ronohmer\documents\github\smartshop\components\lvgl\lv_port_linux_frame_buffer\lvgl\lvgl\visualgdb\debug\_1_\src\draw\lv_draw_rect.dep
c:\users\ronohmer\documents\github\smartshop\components\lvgl\lv_port_linux_frame_buffer\lvgl\lvgl\visualgdb\debug\_1_\src\draw\lv_draw_transform.dep
c:\users\ronohmer\documents\github\smartshop\components\lvgl\lv_port_linux_frame_buffer\lvgl\lvgl\visualgdb\debug\_1_\src\draw\lv_draw_triangle.dep
c:\users\ronohmer\documents\github\smartshop\components\lvgl\lv_port_linux_frame_buffer\lvgl\lvgl\visualgdb\debug\_1_\src\draw\lv_img_buf.dep
c:\users\ronohmer\documents\github\smartshop\components\lvgl\lv_port_linux_frame_buffer\lvgl\lvgl\visualgdb\debug\_1_\src\draw\lv_img_cache.dep
c:\users\ronohmer\documents\github\smartshop\components\lvgl\lv_port_linux_frame_buffer\lvgl\lvgl\visualgdb\debug\_1_\src\draw\lv_img_cache_builtin.dep
c:\users\ronohmer\documents\github\smartshop\components\lvgl\lv_port_linux_frame_buffer\lvgl\lvgl\visualgdb\debug\_1_\src\draw\lv_img_decoder.dep
c:\users\ronohmer\documents\github\smartshop\components\lvgl\lv_port_linux_frame_buffer\lvgl\lvgl\visualgdb\debug\_1_\src\draw\lv_draw.gcc.rsp
c:\users\ronohmer\documents\github\smartshop\components\lvgl\lv_port_linux_frame_buffer\lvgl\lvgl\visualgdb\debug\_1_\src\draw\lv_draw_arc.gcc.rsp
c:\users\ronohmer\documents\github\smartshop\components\lvgl\lv_port_linux_frame_buffer\lvgl\lvgl\visualgdb\debug\_1_\src\draw\lv_draw_img.gcc.rsp
c:\users\ronohmer\documents\github\smartshop\components\lvgl\lv_port_linux_frame_buffer\lvgl\lvgl\visualgdb\debug\_1_\src\draw\lv_draw_label.gcc.rsp
c:\users\ronohmer\documents\github\smartshop\components\lvgl\lv_port_linux_frame_buffer\lvgl\lvgl\visualgdb\debug\_1_\src\draw\lv_draw_layer.gcc.rsp
c:\users\ronohmer\documents\github\smartshop\components\lvgl\lv_port_linux_frame_buffer\lvgl\lvgl\visualgdb\debug\_1_\src\draw\lv_draw_line.gcc.rsp
c:\users\ronohmer\documents\github\smartshop\components\lvgl\lv_port_linux_frame_buffer\lvgl\lvgl\visualgdb\debug\_1_\src\draw\lv_draw_mask.gcc.rsp
c:\users\ronohmer\documents\github\smartshop\components\lvgl\lv_port_linux_frame_buffer\lvgl\lvgl\visualgdb\debug\_1_\src\draw\lv_draw_rect.gcc.rsp
c:\users\ronohmer\documents\github\smartshop\components\lvgl\lv_port_linux_frame_buffer\lvgl\lvgl\visualgdb\debug\_1_\src\draw\lv_draw_transform.gcc.rsp
c:\users\ronohmer\documents\github\smartshop\components\lvgl\lv_port_linux_frame_buffer\lvgl\lvgl\visualgdb\debug\_1_\src\draw\lv_draw_triangle.gcc.rsp
c:\users\ronohmer\documents\github\smartshop\components\lvgl\lv_port_linux_frame_buffer\lvgl\lvgl\visualgdb\debug\_1_\src\draw\lv_img_buf.gcc.rsp
c:\users\ronohmer\documents\github\smartshop\components\lvgl\lv_port_linux_frame_buffer\lvgl\lvgl\visualgdb\debug\_1_\src\draw\lv_img_cache.gcc.rsp
c:\users\ronohmer\documents\github\smartshop\components\lvgl\lv_port_linux_frame_buffer\lvgl\lvgl\visualgdb\debug\_1_\src\draw\lv_img_cache_builtin.gcc.rsp
c:\users\ronohmer\documents\github\smartshop\components\lvgl\lv_port_linux_frame_buffer\lvgl\lvgl\visualgdb\debug\_1_\src\draw\lv_img_decoder.gcc.rsp
c:\users\ronohmer\documents\github\smartshop\components\lvgl\lv_port_linux_frame_buffer\lvgl\lvgl\visualgdb\debug\_1_\src\draw\arm2d\lv_gpu_arm2d.o
c:\users\ronohmer\documents\github\smartshop\components\lvgl\lv_port_linux_frame_buffer\lvgl\lvgl\visualgdb\debug\_1_\src\draw\arm2d\lv_gpu_arm2d.dep
c:\users\ronohmer\documents\github\smartshop\components\lvgl\lv_port_linux_frame_buffer\lvgl\lvgl\visualgdb\debug\_1_\src\draw\arm2d\lv_gpu_arm2d.gcc.rsp
c:\users\ronohmer\documents\github\smartshop\components\lvgl\lv_port_linux_frame_buffer\lvgl\lvgl\visualgdb\debug\_1_\src\draw\gd32_ipa\lv_gpu_gd32_ipa.o
c:\users\ronohmer\documents\github\smartshop\components\lvgl\lv_port_linux_frame_buffer\lvgl\lvgl\visualgdb\debug\_1_\src\draw\gd32_ipa\lv_gpu_gd32_ipa.dep
c:\users\ronohmer\documents\github\smartshop\components\lvgl\lv_port_linux_frame_buffer\lvgl\lvgl\visualgdb\debug\_1_\src\draw\gd32_ipa\lv_gpu_gd32_ipa.gcc.rsp
c:\users\ronohmer\documents\github\smartshop\components\lvgl\lv_port_linux_frame_buffer\lvgl\lvgl\visualgdb\debug\_1_\src\draw\nxp\pxp\lv_draw_pxp.o
c:\users\ronohmer\documents\github\smartshop\components\lvgl\lv_port_linux_frame_buffer\lvgl\lvgl\visualgdb\debug\_1_\src\draw\nxp\pxp\lv_draw_pxp_blend.o
c:\users\ronohmer\documents\github\smartshop\components\lvgl\lv_port_linux_frame_buffer\lvgl\lvgl\visualgdb\debug\_1_\src\draw\nxp\pxp\lv_gpu_nxp_pxp.o
c:\users\ronohmer\documents\github\smartshop\components\lvgl\lv_port_linux_frame_buffer\lvgl\lvgl\visualgdb\debug\_1_\src\draw\nxp\pxp\lv_gpu_nxp_pxp_osa.o
c:\users\ronohmer\documents\github\smartshop\components\lvgl\lv_port_linux_frame_buffer\lvgl\lvgl\visualgdb\debug\_1_\src\draw\nxp\pxp\lv_draw_pxp.dep
c:\users\ronohmer\documents\github\smartshop\components\lvgl\lv_port_linux_frame_buffer\lvgl\lvgl\visualgdb\debug\_1_\src\draw\nxp\pxp\lv_draw_pxp_blend.dep
c:\users\ronohmer\documents\github\smartshop\components\lvgl\lv_port_linux_frame_buffer\lvgl\lvgl\visualgdb\debug\_1_\src\draw\nxp\pxp\lv_gpu_nxp_pxp.dep
c:\users\ronohmer\documents\github\smartshop\components\lvgl\lv_port_linux_frame_buffer\lvgl\lvgl\visualgdb\debug\_1_\src\draw\nxp\pxp\lv_gpu_nxp_pxp_osa.dep
c:\users\ronohmer\documents\github\smartshop\components\lvgl\lv_port_linux_frame_buffer\lvgl\lvgl\visualgdb\debug\_1_\src\draw\nxp\pxp\lv_draw_pxp.gcc.rsp
c:\users\ronohmer\documents\github\smartshop\components\lvgl\lv_port_linux_frame_buffer\lvgl\lvgl\visualgdb\debug\_1_\src\draw\nxp\pxp\lv_draw_pxp_blend.gcc.rsp
c:\users\ronohmer\documents\github\smartshop\components\lvgl\lv_port_linux_frame_buffer\lvgl\lvgl\visualgdb\debug\_1_\src\draw\nxp\pxp\lv_gpu_nxp_pxp.gcc.rsp
c:\users\ronohmer\documents\github\smartshop\components\lvgl\lv_port_linux_frame_buffer\lvgl\lvgl\visualgdb\debug\_1_\src\draw\nxp\pxp\lv_gpu_nxp_pxp_osa.gcc.rsp
c:\users\ronohmer\documents\github\smartshop\components\lvgl\lv_port_linux_frame_buffer\lvgl\lvgl\visualgdb\debug\_1_\src\draw\nxp\vglite\lv_draw_vglite.o
c:\users\ronohmer\documents\github\smartshop\components\lvgl\lv_port_linux_frame_buffer\lvgl\lvgl\visualgdb\debug\_1_\src\draw\nxp\vglite\lv_draw_vglite_arc.o
c:\users\ronohmer\documents\github\smartshop\components\lvgl\lv_port_linux_frame_buffer\lvgl\lvgl\visualgdb\debug\_1_\src\draw\nxp\vglite\lv_draw_vglite_blend.o
c:\users\ronohmer\documents\github\smartshop\components\lvgl\lv_port_linux_frame_buffer\lvgl\lvgl\visualgdb\debug\_1_\src\draw\nxp\vglite\lv_draw_vglite_line.o
c:\users\ronohmer\documents\github\smartshop\components\lvgl\lv_port_linux_frame_buffer\lvgl\lvgl\visualgdb\debug\_1_\src\draw\nxp\vglite\lv_draw_vglite_rect.o
c:\users\ronohmer\documents\github\smartshop\components\lvgl\lv_port_linux_frame_buffer\lvgl\lvgl\visualgdb\debug\_1_\src\draw\nxp\vglite\lv_vglite_buf.o
c:\users\ronohmer\documents\github\smartshop\components\lvgl\lv_port_linux_frame_buffer\lvgl\lvgl\visualgdb\debug\_1_\src\draw\nxp\vglite\lv_vglite_utils.o
c:\users\ronohmer\documents\github\smartshop\components\lvgl\lv_port_linux_frame_buffer\lvgl\lvgl\visualgdb\debug\_1_\src\draw\nxp\vglite\lv_draw_vglite.dep
c:\users\ronohmer\documents\github\smartshop\components\lvgl\lv_port_linux_frame_buffer\lvgl\lvgl\visualgdb\debug\_1_\src\draw\nxp\vglite\lv_draw_vglite_arc.dep
c:\users\ronohmer\documents\github\smartshop\components\lvgl\lv_port_linux_frame_buffer\lvgl\lvgl\visualgdb\debug\_1_\src\draw\nxp\vglite\lv_draw_vglite_blend.dep
c:\users\ronohmer\documents\github\smartshop\components\lvgl\lv_port_linux_frame_buffer\lvgl\lvgl\visualgdb\debug\_1_\src\draw\nxp\vglite\lv_draw_vglite_line.dep
c:\users\ronohmer\documents\github\smartshop\components\lvgl\lv_port_linux_frame_buffer\lvgl\lvgl\visualgdb\debug\_1_\src\draw\nxp\vglite\lv_draw_vglite_rect.dep
c:\users\ronohmer\documents\github\smartshop\components\lvgl\lv_port_linux_frame_buffer\lvgl\lvgl\visualgdb\debug\_1_\src\draw\nxp\vglite\lv_vglite_buf.dep
c:\users\ronohmer\documents\github\smartshop\components\lvgl\lv_port_linux_frame_buffer\lvgl\lvgl\visualgdb\debug\_1_\src\draw\nxp\vglite\lv_vglite_utils.dep
c:\users\ronohmer\documents\github\smartshop\components\lvgl\lv_port_linux_frame_buffer\lvgl\lvgl\visualgdb\debug\_1_\src\draw\nxp\vglite\lv_draw_vglite.gcc.rsp
c:\users\ronohmer\documents\github\smartshop\components\lvgl\lv_port_linux_frame_buffer\lvgl\lvgl\visualgdb\debug\_1_\src\draw\nxp\vglite\lv_draw_vglite_arc.gcc.rsp
c:\users\ronohmer\documents\github\smartshop\components\lvgl\lv_port_linux_frame_buffer\lvgl\lvgl\visualgdb\debug\_1_\src\draw\nxp\vglite\lv_draw_vglite_blend.gcc.rsp
c:\users\ronohmer\documents\github\smartshop\components\lvgl\lv_port_linux_frame_buffer\lvgl\lvgl\visualgdb\debug\_1_\src\draw\nxp\vglite\lv_draw_vglite_line.gcc.rsp
c:\users\ronohmer\documents\github\smartshop\components\lvgl\lv_port_linux_frame_buffer\lvgl\lvgl\visualgdb\debug\_1_\src\draw\nxp\vglite\lv_draw_vglite_rect.gcc.rsp
c:\users\ronohmer\documents\github\smartshop\components\lvgl\lv_port_linux_frame_buffer\lvgl\lvgl\visualgdb\debug\_1_\src\draw\nxp\vglite\lv_vglite_buf.gcc.rsp
c:\users\ronohmer\documents\github\smartshop\components\lvgl\lv_port_linux_frame_buffer\lvgl\lvgl\visualgdb\debug\_1_\src\draw\nxp\vglite\lv_vglite_utils.gcc.rsp
c:\users\ronohmer\documents\github\smartshop\components\lvgl\lv_port_linux_frame_buffer\lvgl\lvgl\visualgdb\debug\_1_\src\draw\sdl\lv_draw_sdl.o
c:\users\ronohmer\documents\github\smartshop\components\lvgl\lv_port_linux_frame_buffer\lvgl\lvgl\visualgdb\debug\_1_\src\draw\sdl\lv_draw_sdl_arc.o
c:\users\ronohmer\documents\github\smartshop\components\lvgl\lv_port_linux_frame_buffer\lvgl\lvgl\visualgdb\debug\_1_\src\draw\sdl\lv_draw_sdl_bg.o
c:\users\ronohmer\documents\github\smartshop\components\lvgl\lv_port_linux_frame_buffer\lvgl\lvgl\visualgdb\debug\_1_\src\draw\sdl\lv_draw_sdl_composite.o
c:\users\ronohmer\documents\github\smartshop\components\lvgl\lv_port_linux_frame_buffer\lvgl\lvgl\visualgdb\debug\_1_\src\draw\sdl\lv_draw_sdl_img.o
c:\users\ronohmer\documents\github\smartshop\components\lvgl\lv_port_linux_frame_buffer\lvgl\lvgl\visualgdb\debug\_1_\src\draw\sdl\lv_draw_sdl_label.o
c:\users\ronohmer\documents\github\smartshop\components\lvgl\lv_port_linux_frame_buffer\lvgl\lvgl\visualgdb\debug\_1_\src\draw\sdl\lv_draw_sdl_layer.o
c:\users\ronohmer\documents\github\smartshop\components\lvgl\lv_port_linux_frame_buffer\lvgl\lvgl\visualgdb\debug\_1_\src\draw\sdl\lv_draw_sdl_line.o
c:\users\ronohmer\documents\github\smartshop\components\lvgl\lv_port_linux_frame_buffer\lvgl\lvgl\visualgdb\debug\_1_\src\draw\sdl\lv_draw_sdl_mask.o
c:\users\ronohmer\documents\github\smartshop\components\lvgl\lv_port_linux_frame_buffer\lvgl\lvgl\visualgdb\debug\_1_\src\draw\sdl\lv_draw_sdl_polygon.o
c:\users\ronohmer\documents\github\smartshop\components\lvgl\lv_port_linux_frame_buffer\lvgl\lvgl\visualgdb\debug\_1_\src\draw\sdl\lv_draw_sdl_rect.o
c:\users\ronohmer\documents\github\smartshop\components\lvgl\lv_port_linux_frame_buffer\lvgl\lvgl\visualgdb\debug\_1_\src\draw\sdl\lv_draw_sdl_stack_blur.o
c:\users\ronohmer\documents\github\smartshop\components\lvgl\lv_port_linux_frame_buffer\lvgl\lvgl\visualgdb\debug\_1_\src\draw\sdl\lv_draw_sdl_texture_cache.o
c:\users\ronohmer\documents\github\smartshop\components\lvgl\lv_port_linux_frame_buffer\lvgl\lvgl\visualgdb\debug\_1_\src\draw\sdl\lv_draw_sdl_utils.o
c:\users\ronohmer\documents\github\smartshop\components\lvgl\lv_port_linux_frame_buffer\lvgl\lvgl\visualgdb\debug\_1_\src\draw\sdl\lv_draw_sdl.dep
c:\users\ronohmer\documents\github\smartshop\components\lvgl\lv_port_linux_frame_buffer\lvgl\lvgl\visualgdb\debug\_1_\src\draw\sdl\lv_draw_sdl_arc.dep
c:\users\ronohmer\documents\github\smartshop\components\lvgl\lv_port_linux_frame_buffer\lvgl\lvgl\visualgdb\debug\_1_\src\draw\sdl\lv_draw_sdl_bg.dep
c:\users\ronohmer\documents\github\smartshop\components\lvgl\lv_port_linux_frame_buffer\lvgl\lvgl\visualgdb\debug\_1_\src\draw\sdl\lv_draw_sdl_composite.dep
c:\users\ronohmer\documents\github\smartshop\components\lvgl\lv_port_linux_frame_buffer\lvgl\lvgl\visualgdb\debug\_1_\src\draw\sdl\lv_draw_sdl_img.dep
c:\users\ronohmer\documents\github\smartshop\components\lvgl\lv_port_linux_frame_buffer\lvgl\lvgl\visualgdb\debug\_1_\src\draw\sdl\lv_draw_sdl_label.dep
c:\users\ronohmer\documents\github\smartshop\components\lvgl\lv_port_linux_frame_buffer\lvgl\lvgl\visualgdb\debug\_1_\src\draw\sdl\lv_draw_sdl_layer.dep
c:\users\ronohmer\documents\github\smartshop\components\lvgl\lv_port_linux_frame_buffer\lvgl\lvgl\visualgdb\debug\_1_\src\draw\sdl\lv_draw_sdl_line.dep
c:\users\ronohmer\documents\github\smartshop\components\lvgl\lv_port_linux_frame_buffer\lvgl\lvgl\visualgdb\debug\_1_\src\draw\sdl\lv_draw_sdl_mask.dep
c:\users\ronohmer\documents\github\smartshop\components\lvgl\lv_port_linux_frame_buffer\lvgl\lvgl\visualgdb\debug\_1_\src\draw\sdl\lv_draw_sdl_polygon.dep
c:\users\ronohmer\documents\github\smartshop\components\lvgl\lv_port_linux_frame_buffer\lvgl\lvgl\visualgdb\debug\_1_\src\draw\sdl\lv_draw_sdl_rect.dep
c:\users\ronohmer\documents\github\smartshop\components\lvgl\lv_port_linux_frame_buffer\lvgl\lvgl\visualgdb\debug\_1_\src\draw\sdl\lv_draw_sdl_stack_blur.dep
c:\users\ronohmer\documents\github\smartshop\components\lvgl\lv_port_linux_frame_buffer\lvgl\lvgl\visualgdb\debug\_1_\src\draw\sdl\lv_draw_sdl_texture_cache.dep
c:\users\ronohmer\documents\github\smartshop\components\lvgl\lv_port_linux_frame_buffer\lvgl\lvgl\visualgdb\debug\_1_\src\draw\sdl\lv_draw_sdl_utils.dep
c:\users\ronohmer\documents\github\smartshop\components\lvgl\lv_port_linux_frame_buffer\lvgl\lvgl\visualgdb\debug\_1_\src\draw\sdl\lv_draw_sdl.gcc.rsp
c:\users\ronohmer\documents\github\smartshop\components\lvgl\lv_port_linux_frame_buffer\lvgl\lvgl\visualgdb\debug\_1_\src\draw\sdl\lv_draw_sdl_arc.gcc.rsp
c:\users\ronohmer\documents\github\smartshop\components\lvgl\lv_port_linux_frame_buffer\lvgl\lvgl\visualgdb\debug\_1_\src\draw\sdl\lv_draw_sdl_bg.gcc.rsp
c:\users\ronohmer\documents\github\smartshop\components\lvgl\lv_port_linux_frame_buffer\lvgl\lvgl\visualgdb\debug\_1_\src\draw\sdl\lv_draw_sdl_composite.gcc.rsp
c:\users\ronohmer\documents\github\smartshop\components\lvgl\lv_port_linux_frame_buffer\lvgl\lvgl\visualgdb\debug\_1_\src\draw\sdl\lv_draw_sdl_img.gcc.rsp
c:\users\ronohmer\documents\github\smartshop\components\lvgl\lv_port_linux_frame_buffer\lvgl\lvgl\visualgdb\debug\_1_\src\draw\sdl\lv_draw_sdl_label.gcc.rsp
c:\users\ronohmer\documents\github\smartshop\components\lvgl\lv_port_linux_frame_buffer\lvgl\lvgl\visualgdb\debug\_1_\src\draw\sdl\lv_draw_sdl_layer.gcc.rsp
c:\users\ronohmer\documents\github\smartshop\components\lvgl\lv_port_linux_frame_buffer\lvgl\lvgl\visualgdb\debug\_1_\src\draw\sdl\lv_draw_sdl_line.gcc.rsp
c:\users\ronohmer\documents\github\smartshop\components\lvgl\lv_port_linux_frame_buffer\lvgl\lvgl\visualgdb\debug\_1_\src\draw\sdl\lv_draw_sdl_mask.gcc.rsp
c:\users\ronohmer\documents\github\smartshop\components\lvgl\lv_port_linux_frame_buffer\lvgl\lvgl\visualgdb\debug\_1_\src\draw\sdl\lv_draw_sdl_polygon.gcc.rsp
c:\users\ronohmer\documents\github\smartshop\components\lvgl\lv_port_linux_frame_buffer\lvgl\lvgl\visualgdb\debug\_1_\src\draw\sdl\lv_draw_sdl_rect.gcc.rsp
c:\users\ronohmer\documents\github\smartshop\components\lvgl\lv_port_linux_frame_buffer\lvgl\lvgl\visualgdb\debug\_1_\src\draw\sdl\lv_draw_sdl_stack_blur.gcc.rsp
c:\users\ronohmer\documents\github\smartshop\components\lvgl\lv_port_linux_frame_buffer\lvgl\lvgl\visualgdb\debug\_1_\src\draw\sdl\lv_draw_sdl_texture_cache.gcc.rsp
c:\users\ronohmer\documents\github\smartshop\components\lvgl\lv_port_linux_frame_buffer\lvgl\lvgl\visualgdb\debug\_1_\src\draw\sdl\lv_draw_sdl_utils.gcc.rsp
c:\users\ronohmer\documents\github\smartshop\components\lvgl\lv_port_linux_frame_buffer\lvgl\lvgl\visualgdb\debug\_1_\src\draw\stm32_dma2d\lv_gpu_stm32_dma2d.o
c:\users\ronohmer\documents\github\smartshop\components\lvgl\lv_port_linux_frame_buffer\lvgl\lvgl\visualgdb\debug\_1_\src\draw\stm32_dma2d\lv_gpu_stm32_dma2d.dep
c:\users\ronohmer\documents\github\smartshop\components\lvgl\lv_port_linux_frame_buffer\lvgl\lvgl\visualgdb\debug\_1_\src\draw\stm32_dma2d\lv_gpu_stm32_dma2d.gcc.rsp
c:\users\ronohmer\documents\github\smartshop\components\lvgl\lv_port_linux_frame_buffer\lvgl\lvgl\visualgdb\debug\_1_\src\draw\sw\lv_draw_sw.o
c:\users\ronohmer\documents\github\smartshop\components\lvgl\lv_port_linux_frame_buffer\lvgl\lvgl\visualgdb\debug\_1_\src\draw\sw\lv_draw_sw_arc.o
c:\users\ronohmer\documents\github\smartshop\components\lvgl\lv_port_linux_frame_buffer\lvgl\lvgl\visualgdb\debug\_1_\src\draw\sw\lv_draw_sw_blend.o
c:\users\ronohmer\documents\github\smartshop\components\lvgl\lv_port_linux_frame_buffer\lvgl\lvgl\visualgdb\debug\_1_\src\draw\sw\lv_draw_sw_dither.o
c:\users\ronohmer\documents\github\smartshop\components\lvgl\lv_port_linux_frame_buffer\lvgl\lvgl\visualgdb\debug\_1_\src\draw\sw\lv_draw_sw_gradient.o
c:\users\ronohmer\documents\github\smartshop\components\lvgl\lv_port_linux_frame_buffer\lvgl\lvgl\visualgdb\debug\_1_\src\draw\sw\lv_draw_sw_img.o
c:\users\ronohmer\documents\github\smartshop\components\lvgl\lv_port_linux_frame_buffer\lvgl\lvgl\visualgdb\debug\_1_\src\draw\sw\lv_draw_sw_layer.o
c:\users\ronohmer\documents\github\smartshop\components\lvgl\lv_port_linux_frame_buffer\lvgl\lvgl\visualgdb\debug\_1_\src\draw\sw\lv_draw_sw_letter.o
c:\users\ronohmer\documents\github\smartshop\components\lvgl\lv_port_linux_frame_buffer\lvgl\lvgl\visualgdb\debug\_1_\src\draw\sw\lv_draw_sw_line.o
c:\users\ronohmer\documents\github\smartshop\components\lvgl\lv_port_linux_frame_buffer\lvgl\lvgl\visualgdb\debug\_1_\src\draw\sw\lv_draw_sw_polygon.o
c:\users\ronohmer\documents\github\smartshop\components\lvgl\lv_port_linux_frame_buffer\lvgl\lvgl\visualgdb\debug\_1_\src\draw\sw\lv_draw_sw_rect.o
c:\users\ronohmer\documents\github\smartshop\components\lvgl\lv_port_linux_frame_buffer\lvgl\lvgl\visualgdb\debug\_1_\src\draw\sw\lv_draw_sw_transform.o
c:\users\ronohmer\documents\github\smartshop\components\lvgl\lv_port_linux_frame_buffer\lvgl\lvgl\visualgdb\debug\_1_\src\draw\sw\lv_draw_sw.dep
c:\users\ronohmer\documents\github\smartshop\components\lvgl\lv_port_linux_frame_buffer\lvgl\lvgl\visualgdb\debug\_1_\src\draw\sw\lv_draw_sw_arc.dep
c:\users\ronohmer\documents\github\smartshop\components\lvgl\lv_port_linux_frame_buffer\lvgl\lvgl\visualgdb\debug\_1_\src\draw\sw\lv_draw_sw_blend.dep
c:\users\ronohmer\documents\github\smartshop\components\lvgl\lv_port_linux_frame_buffer\lvgl\lvgl\visualgdb\debug\_1_\src\draw\sw\lv_draw_sw_dither.dep
c:\users\ronohmer\documents\github\smartshop\components\lvgl\lv_port_linux_frame_buffer\lvgl\lvgl\visualgdb\debug\_1_\src\draw\sw\lv_draw_sw_gradient.dep
c:\users\ronohmer\documents\github\smartshop\components\lvgl\lv_port_linux_frame_buffer\lvgl\lvgl\visualgdb\debug\_1_\src\draw\sw\lv_draw_sw_img.dep
c:\users\ronohmer\documents\github\smartshop\components\lvgl\lv_port_linux_frame_buffer\lvgl\lvgl\visualgdb\debug\_1_\src\draw\sw\lv_draw_sw_layer.dep
c:\users\ronohmer\documents\github\smartshop\components\lvgl\lv_port_linux_frame_buffer\lvgl\lvgl\visualgdb\debug\_1_\src\draw\sw\lv_draw_sw_letter.dep
c:\users\ronohmer\documents\github\smartshop\components\lvgl\lv_port_linux_frame_buffer\lvgl\lvgl\visualgdb\debug\_1_\src\draw\sw\lv_draw_sw_line.dep
c:\users\ronohmer\documents\github\smartshop\components\lvgl\lv_port_linux_frame_buffer\lvgl\lvgl\visualgdb\debug\_1_\src\draw\sw\lv_draw_sw_polygon.dep
c:\users\ronohmer\documents\github\smartshop\components\lvgl\lv_port_linux_frame_buffer\lvgl\lvgl\visualgdb\debug\_1_\src\draw\sw\lv_draw_sw_rect.dep
c:\users\ronohmer\documents\github\smartshop\components\lvgl\lv_port_linux_frame_buffer\lvgl\lvgl\visualgdb\debug\_1_\src\draw\sw\lv_draw_sw_transform.dep
c:\users\ronohmer\documents\github\smartshop\components\lvgl\lv_port_linux_frame_buffer\lvgl\lvgl\visualgdb\debug\_1_\src\draw\sw\lv_draw_sw.gcc.rsp
c:\users\ronohmer\documents\github\smartshop\components\lvgl\lv_port_linux_frame_buffer\lvgl\lvgl\visualgdb\debug\_1_\src\draw\sw\lv_draw_sw_arc.gcc.rsp
c:\users\ronohmer\documents\github\smartshop\components\lvgl\lv_port_linux_frame_buffer\lvgl\lvgl\visualgdb\debug\_1_\src\draw\sw\lv_draw_sw_blend.gcc.rsp
c:\users\ronohmer\documents\github\smartshop\components\lvgl\lv_port_linux_frame_buffer\lvgl\lvgl\visualgdb\debug\_1_\src\draw\sw\lv_draw_sw_dither.gcc.rsp
c:\users\ronohmer\documents\github\smartshop\components\lvgl\lv_port_linux_frame_buffer\lvgl\lvgl\visualgdb\debug\_1_\src\draw\sw\lv_draw_sw_gradient.gcc.rsp
c:\users\ronohmer\documents\github\smartshop\components\lvgl\lv_port_linux_frame_buffer\lvgl\lvgl\visualgdb\debug\_1_\src\draw\sw\lv_draw_sw_img.gcc.rsp
c:\users\ronohmer\documents\github\smartshop\components\lvgl\lv_port_linux_frame_buffer\lvgl\lvgl\visualgdb\debug\_1_\src\draw\sw\lv_draw_sw_layer.gcc.rsp
c:\users\ronohmer\documents\github\smartshop\components\lvgl\lv_port_linux_frame_buffer\lvgl\lvgl\visualgdb\debug\_1_\src\draw\sw\lv_draw_sw_letter.gcc.rsp
c:\users\ronohmer\documents\github\smartshop\components\lvgl\lv_port_linux_frame_buffer\lvgl\lvgl\visualgdb\debug\_1_\src\draw\sw\lv_draw_sw_line.gcc.rsp
c:\users\ronohmer\documents\github\smartshop\components\lvgl\lv_port_linux_frame_buffer\lvgl\lvgl\visualgdb\debug\_1_\src\draw\sw\lv_draw_sw_polygon.gcc.rsp
c:\users\ronohmer\documents\github\smartshop\components\lvgl\lv_port_linux_frame_buffer\lvgl\lvgl\visualgdb\debug\_1_\src\draw\sw\lv_draw_sw_rect.gcc.rsp
c:\users\ronohmer\documents\github\smartshop\components\lvgl\lv_port_linux_frame_buffer\lvgl\lvgl\visualgdb\debug\_1_\src\draw\sw\lv_draw_sw_transform.gcc.rsp
c:\users\ronohmer\documents\github\smartshop\components\lvgl\lv_port_linux_frame_buffer\lvgl\lvgl\visualgdb\debug\_1_\src\draw\swm341_dma2d\lv_gpu_swm341_dma2d.o
c:\users\ronohmer\documents\github\smartshop\components\lvgl\lv_port_linux_frame_buffer\lvgl\lvgl\visualgdb\debug\_1_\src\draw\swm341_dma2d\lv_gpu_swm341_dma2d.dep
c:\users\ronohmer\documents\github\smartshop\components\lvgl\lv_port_linux_frame_buffer\lvgl\lvgl\visualgdb\debug\_1_\src\draw\swm341_dma2d\lv_gpu_swm341_dma2d.gcc.rsp
c:\users\ronohmer\documents\github\smartshop\components\lvgl\lv_port_linux_frame_buffer\lvgl\lvgl\visualgdb\debug\_1_\src\font\lv_font.o
c:\users\ronohmer\documents\github\smartshop\components\lvgl\lv_port_linux_frame_buffer\lvgl\lvgl\visualgdb\debug\_1_\src\font\lv_font_dejavu_16_persian_hebrew.o
c:\users\ronohmer\documents\github\smartshop\components\lvgl\lv_port_linux_frame_buffer\lvgl\lvgl\visualgdb\debug\_1_\src\font\lv_font_fmt_txt.o
c:\users\ronohmer\documents\github\smartshop\components\lvgl\lv_port_linux_frame_buffer\lvgl\lvgl\visualgdb\debug\_1_\src\font\lv_font_loader.o
c:\users\ronohmer\documents\github\smartshop\components\lvgl\lv_port_linux_frame_buffer\lvgl\lvgl\visualgdb\debug\_1_\src\font\lv_font_montserrat_10.o
c:\users\ronohmer\documents\github\smartshop\components\lvgl\lv_port_linux_frame_buffer\lvgl\lvgl\visualgdb\debug\_1_\src\font\lv_font_montserrat_12.o
c:\users\ronohmer\documents\github\smartshop\components\lvgl\lv_port_linux_frame_buffer\lvgl\lvgl\visualgdb\debug\_1_\src\font\lv_font_montserrat_12_subpx.o
c:\users\ronohmer\documents\github\smartshop\components\lvgl\lv_port_linux_frame_buffer\lvgl\lvgl\visualgdb\debug\_1_\src\font\lv_font_montserrat_14.o
c:\users\ronohmer\documents\github\smartshop\components\lvgl\lv_port_linux_frame_buffer\lvgl\lvgl\visualgdb\debug\_1_\src\font\lv_font_montserrat_16.o
c:\users\ronohmer\documents\github\smartshop\components\lvgl\lv_port_linux_frame_buffer\lvgl\lvgl\visualgdb\debug\_1_\src\font\lv_font_montserrat_18.o
c:\users\ronohmer\documents\github\smartshop\components\lvgl\lv_port_linux_frame_buffer\lvgl\lvgl\visualgdb\debug\_1_\src\font\lv_font_montserrat_20.o
c:\users\ronohmer\documents\github\smartshop\components\lvgl\lv_port_linux_frame_buffer\lvgl\lvgl\visualgdb\debug\_1_\src\font\lv_font_montserrat_22.o
c:\users\ronohmer\documents\github\smartshop\components\lvgl\lv_port_linux_frame_buffer\lvgl\lvgl\visualgdb\debug\_1_\src\font\lv_font_montserrat_24.o
c:\users\ronohmer\documents\github\smartshop\components\lvgl\lv_port_linux_frame_buffer\lvgl\lvgl\visualgdb\debug\_1_\src\font\lv_font_montserrat_26.o
c:\users\ronohmer\documents\github\smartshop\components\lvgl\lv_port_linux_frame_buffer\lvgl\lvgl\visualgdb\debug\_1_\src\font\lv_font_montserrat_28.o
c:\users\ronohmer\documents\github\smartshop\components\lvgl\lv_port_linux_frame_buffer\lvgl\lvgl\visualgdb\debug\_1_\src\font\lv_font_montserrat_28_compressed.o
c:\users\ronohmer\documents\github\smartshop\components\lvgl\lv_port_linux_frame_buffer\lvgl\lvgl\visualgdb\debug\_1_\src\font\lv_font_montserrat_30.o
c:\users\ronohmer\documents\github\smartshop\components\lvgl\lv_port_linux_frame_buffer\lvgl\lvgl\visualgdb\debug\_1_\src\font\lv_font_montserrat_32.o
c:\users\ronohmer\documents\github\smartshop\components\lvgl\lv_port_linux_frame_buffer\lvgl\lvgl\visualgdb\debug\_1_\src\font\lv_font_montserrat_34.o
c:\users\ronohmer\documents\github\smartshop\components\lvgl\lv_port_linux_frame_buffer\lvgl\lvgl\visualgdb\debug\_1_\src\font\lv_font_montserrat_36.o
c:\users\ronohmer\documents\github\smartshop\components\lvgl\lv_port_linux_frame_buffer\lvgl\lvgl\visualgdb\debug\_1_\src\font\lv_font_montserrat_38.o
c:\users\ronohmer\documents\github\smartshop\components\lvgl\lv_port_linux_frame_buffer\lvgl\lvgl\visualgdb\debug\_1_\src\font\lv_font_montserrat_40.o
c:\users\ronohmer\documents\github\smartshop\components\lvgl\lv_port_linux_frame_buffer\lvgl\lvgl\visualgdb\debug\_1_\src\font\lv_font_montserrat_42.o
c:\users\ronohmer\documents\github\smartshop\components\lvgl\lv_port_linux_frame_buffer\lvgl\lvgl\visualgdb\debug\_1_\src\font\lv_font_montserrat_44.o
c:\users\ronohmer\documents\github\smartshop\components\lvgl\lv_port_linux_frame_buffer\lvgl\lvgl\visualgdb\debug\_1_\src\font\lv_font_montserrat_46.o
c:\users\ronohmer\documents\github\smartshop\components\lvgl\lv_port_linux_frame_buffer\lvgl\lvgl\visualgdb\debug\_1_\src\font\lv_font_montserrat_48.o
c:\users\ronohmer\documents\github\smartshop\components\lvgl\lv_port_linux_frame_buffer\lvgl\lvgl\visualgdb\debug\_1_\src\font\lv_font_montserrat_8.o
c:\users\ronohmer\documents\github\smartshop\components\lvgl\lv_port_linux_frame_buffer\lvgl\lvgl\visualgdb\debug\_1_\src\font\lv_font_simsun_16_cjk.o
c:\users\ronohmer\documents\github\smartshop\components\lvgl\lv_port_linux_frame_buffer\lvgl\lvgl\visualgdb\debug\_1_\src\font\lv_font_unscii_16.o
c:\users\ronohmer\documents\github\smartshop\components\lvgl\lv_port_linux_frame_buffer\lvgl\lvgl\visualgdb\debug\_1_\src\font\lv_font_unscii_8.o
c:\users\ronohmer\documents\github\smartshop\components\lvgl\lv_port_linux_frame_buffer\lvgl\lvgl\visualgdb\debug\_1_\src\font\lv_font.dep
c:\users\ronohmer\documents\github\smartshop\components\lvgl\lv_port_linux_frame_buffer\lvgl\lvgl\visualgdb\debug\_1_\src\font\lv_font_dejavu_16_persian_hebrew.dep
c:\users\ronohmer\documents\github\smartshop\components\lvgl\lv_port_linux_frame_buffer\lvgl\lvgl\visualgdb\debug\_1_\src\font\lv_font_fmt_txt.dep
c:\users\ronohmer\documents\github\smartshop\components\lvgl\lv_port_linux_frame_buffer\lvgl\lvgl\visualgdb\debug\_1_\src\font\lv_font_loader.dep
c:\users\ronohmer\documents\github\smartshop\components\lvgl\lv_port_linux_frame_buffer\lvgl\lvgl\visualgdb\debug\_1_\src\font\lv_font_montserrat_10.dep
c:\users\ronohmer\documents\github\smartshop\components\lvgl\lv_port_linux_frame_buffer\lvgl\lvgl\visualgdb\debug\_1_\src\font\lv_font_montserrat_12.dep
c:\users\ronohmer\documents\github\smartshop\components\lvgl\lv_port_linux_frame_buffer\lvgl\lvgl\visualgdb\debug\_1_\src\font\lv_font_montserrat_12_subpx.dep
c:\users\ronohmer\documents\github\smartshop\components\lvgl\lv_port_linux_frame_buffer\lvgl\lvgl\visualgdb\debug\_1_\src\font\lv_font_montserrat_14.dep
c:\users\ronohmer\documents\github\smartshop\components\lvgl\lv_port_linux_frame_buffer\lvgl\lvgl\visualgdb\debug\_1_\src\font\lv_font_montserrat_16.dep
c:\users\ronohmer\documents\github\smartshop\components\lvgl\lv_port_linux_frame_buffer\lvgl\lvgl\visualgdb\debug\_1_\src\font\lv_font_montserrat_18.dep
c:\users\ronohmer\documents\github\smartshop\components\lvgl\lv_port_linux_frame_buffer\lvgl\lvgl\visualgdb\debug\_1_\src\font\lv_font_montserrat_20.dep
c:\users\ronohmer\documents\github\smartshop\components\lvgl\lv_port_linux_frame_buffer\lvgl\lvgl\visualgdb\debug\_1_\src\font\lv_font_montserrat_22.dep
c:\users\ronohmer\documents\github\smartshop\components\lvgl\lv_port_linux_frame_buffer\lvgl\lvgl\visualgdb\debug\_1_\src\font\lv_font_montserrat_24.dep
c:\users\ronohmer\documents\github\smartshop\components\lvgl\lv_port_linux_frame_buffer\lvgl\lvgl\visualgdb\debug\_1_\src\font\lv_font_montserrat_26.dep
c:\users\ronohmer\documents\github\smartshop\components\lvgl\lv_port_linux_frame_buffer\lvgl\lvgl\visualgdb\debug\_1_\src\font\lv_font_montserrat_28.dep
c:\users\ronohmer\documents\github\smartshop\components\lvgl\lv_port_linux_frame_buffer\lvgl\lvgl\visualgdb\debug\_1_\src\font\lv_font_montserrat_28_compressed.dep
c:\users\ronohmer\documents\github\smartshop\components\lvgl\lv_port_linux_frame_buffer\lvgl\lvgl\visualgdb\debug\_1_\src\font\lv_font_montserrat_30.dep
c:\users\ronohmer\documents\github\smartshop\components\lvgl\lv_port_linux_frame_buffer\lvgl\lvgl\visualgdb\debug\_1_\src\font\lv_font_montserrat_32.dep
c:\users\ronohmer\documents\github\smartshop\components\lvgl\lv_port_linux_frame_buffer\lvgl\lvgl\visualgdb\debug\_1_\src\font\lv_font_montserrat_34.dep
c:\users\ronohmer\documents\github\smartshop\components\lvgl\lv_port_linux_frame_buffer\lvgl\lvgl\visualgdb\debug\_1_\src\font\lv_font_montserrat_36.dep
c:\users\ronohmer\documents\github\smartshop\components\lvgl\lv_port_linux_frame_buffer\lvgl\lvgl\visualgdb\debug\_1_\src\font\lv_font_montserrat_38.dep
c:\users\ronohmer\documents\github\smartshop\components\lvgl\lv_port_linux_frame_buffer\lvgl\lvgl\visualgdb\debug\_1_\src\font\lv_font_montserrat_40.dep
c:\users\ronohmer\documents\github\smartshop\components\lvgl\lv_port_linux_frame_buffer\lvgl\lvgl\visualgdb\debug\_1_\src\font\lv_font_montserrat_42.dep
c:\users\ronohmer\documents\github\smartshop\components\lvgl\lv_port_linux_frame_buffer\lvgl\lvgl\visualgdb\debug\_1_\src\font\lv_font_montserrat_44.dep
c:\users\ronohmer\documents\github\smartshop\components\lvgl\lv_port_linux_frame_buffer\lvgl\lvgl\visualgdb\debug\_1_\src\font\lv_font_montserrat_46.dep
c:\users\ronohmer\documents\github\smartshop\components\lvgl\lv_port_linux_frame_buffer\lvgl\lvgl\visualgdb\debug\_1_\src\font\lv_font_montserrat_48.dep
c:\users\ronohmer\documents\github\smartshop\components\lvgl\lv_port_linux_frame_buffer\lvgl\lvgl\visualgdb\debug\_1_\src\font\lv_font_montserrat_8.dep
c:\users\ronohmer\documents\github\smartshop\components\lvgl\lv_port_linux_frame_buffer\lvgl\lvgl\visualgdb\debug\_1_\src\font\lv_font_simsun_16_cjk.dep
c:\users\ronohmer\documents\github\smartshop\components\lvgl\lv_port_linux_frame_buffer\lvgl\lvgl\visualgdb\debug\_1_\src\font\lv_font_unscii_16.dep
c:\users\ronohmer\documents\github\smartshop\components\lvgl\lv_port_linux_frame_buffer\lvgl\lvgl\visualgdb\debug\_1_\src\font\lv_font_unscii_8.dep
c:\users\ronohmer\documents\github\smartshop\components\lvgl\lv_port_linux_frame_buffer\lvgl\lvgl\visualgdb\debug\_1_\src\font\lv_font.gcc.rsp
c:\users\ronohmer\documents\github\smartshop\components\lvgl\lv_port_linux_frame_buffer\lvgl\lvgl\visualgdb\debug\_1_\src\font\lv_font_dejavu_16_persian_hebrew.gcc.rsp
c:\users\ronohmer\documents\github\smartshop\components\lvgl\lv_port_linux_frame_buffer\lvgl\lvgl\visualgdb\debug\_1_\src\font\lv_font_fmt_txt.gcc.rsp
c:\users\ronohmer\documents\github\smartshop\components\lvgl\lv_port_linux_frame_buffer\lvgl\lvgl\visualgdb\debug\_1_\src\font\lv_font_loader.gcc.rsp
c:\users\ronohmer\documents\github\smartshop\components\lvgl\lv_port_linux_frame_buffer\lvgl\lvgl\visualgdb\debug\_1_\src\font\lv_font_montserrat_10.gcc.rsp
c:\users\ronohmer\documents\github\smartshop\components\lvgl\lv_port_linux_frame_buffer\lvgl\lvgl\visualgdb\debug\_1_\src\font\lv_font_montserrat_12.gcc.rsp
c:\users\ronohmer\documents\github\smartshop\components\lvgl\lv_port_linux_frame_buffer\lvgl\lvgl\visualgdb\debug\_1_\src\font\lv_font_montserrat_12_subpx.gcc.rsp
c:\users\ronohmer\documents\github\smartshop\components\lvgl\lv_port_linux_frame_buffer\lvgl\lvgl\visualgdb\debug\_1_\src\font\lv_font_montserrat_14.gcc.rsp
c:\users\ronohmer\documents\github\smartshop\components\lvgl\lv_port_linux_frame_buffer\lvgl\lvgl\visualgdb\debug\_1_\src\font\lv_font_montserrat_16.gcc.rsp
c:\users\ronohmer\documents\github\smartshop\components\lvgl\lv_port_linux_frame_buffer\lvgl\lvgl\visualgdb\debug\_1_\src\font\lv_font_montserrat_18.gcc.rsp
c:\users\ronohmer\documents\github\smartshop\components\lvgl\lv_port_linux_frame_buffer\lvgl\lvgl\visualgdb\debug\_1_\src\font\lv_font_montserrat_20.gcc.rsp
c:\users\ronohmer\documents\github\smartshop\components\lvgl\lv_port_linux_frame_buffer\lvgl\lvgl\visualgdb\debug\_1_\src\font\lv_font_montserrat_22.gcc.rsp
c:\users\ronohmer\documents\github\smartshop\components\lvgl\lv_port_linux_frame_buffer\lvgl\lvgl\visualgdb\debug\_1_\src\font\lv_font_montserrat_24.gcc.rsp
c:\users\ronohmer\documents\github\smartshop\components\lvgl\lv_port_linux_frame_buffer\lvgl\lvgl\visualgdb\debug\_1_\src\font\lv_font_montserrat_26.gcc.rsp
c:\users\ronohmer\documents\github\smartshop\components\lvgl\lv_port_linux_frame_buffer\lvgl\lvgl\visualgdb\debug\_1_\src\font\lv_font_montserrat_28.gcc.rsp
c:\users\ronohmer\documents\github\smartshop\components\lvgl\lv_port_linux_frame_buffer\lvgl\lvgl\visualgdb\debug\_1_\src\font\lv_font_montserrat_28_compressed.gcc.rsp
c:\users\ronohmer\documents\github\smartshop\components\lvgl\lv_port_linux_frame_buffer\lvgl\lvgl\visualgdb\debug\_1_\src\font\lv_font_montserrat_30.gcc.rsp
c:\users\ronohmer\documents\github\smartshop\components\lvgl\lv_port_linux_frame_buffer\lvgl\lvgl\visualgdb\debug\_1_\src\font\lv_font_montserrat_32.gcc.rsp
c:\users\ronohmer\documents\github\smartshop\components\lvgl\lv_port_linux_frame_buffer\lvgl\lvgl\visualgdb\debug\_1_\src\font\lv_font_montserrat_34.gcc.rsp
c:\users\ronohmer\documents\github\smartshop\components\lvgl\lv_port_linux_frame_buffer\lvgl\lvgl\visualgdb\debug\_1_\src\font\lv_font_montserrat_36.gcc.rsp
c:\users\ronohmer\documents\github\smartshop\components\lvgl\lv_port_linux_frame_buffer\lvgl\lvgl\visualgdb\debug\_1_\src\font\lv_font_montserrat_38.gcc.rsp
c:\users\ronohmer\documents\github\smartshop\components\lvgl\lv_port_linux_frame_buffer\lvgl\lvgl\visualgdb\debug\_1_\src\font\lv_font_montserrat_40.gcc.rsp
c:\users\ronohmer\documents\github\smartshop\components\lvgl\lv_port_linux_frame_buffer\lvgl\lvgl\visualgdb\debug\_1_\src\font\lv_font_montserrat_42.gcc.rsp
c:\users\ronohmer\documents\github\smartshop\components\lvgl\lv_port_linux_frame_buffer\lvgl\lvgl\visualgdb\debug\_1_\src\font\lv_font_montserrat_44.gcc.rsp
c:\users\ronohmer\documents\github\smartshop\components\lvgl\lv_port_linux_frame_buffer\lvgl\lvgl\visualgdb\debug\_1_\src\font\lv_font_montserrat_46.gcc.rsp
c:\users\ronohmer\documents\github\smartshop\components\lvgl\lv_port_linux_frame_buffer\lvgl\lvgl\visualgdb\debug\_1_\src\font\lv_font_montserrat_48.gcc.rsp
c:\users\ronohmer\documents\github\smartshop\components\lvgl\lv_port_linux_frame_buffer\lvgl\lvgl\visualgdb\debug\_1_\src\font\lv_font_montserrat_8.gcc.rsp
c:\users\ronohmer\documents\github\smartshop\components\lvgl\lv_port_linux_frame_buffer\lvgl\lvgl\visualgdb\debug\_1_\src\font\lv_font_simsun_16_cjk.gcc.rsp
c:\users\ronohmer\documents\github\smartshop\components\lvgl\lv_port_linux_frame_buffer\lvgl\lvgl\visualgdb\debug\_1_\src\font\lv_font_unscii_16.gcc.rsp
c:\users\ronohmer\documents\github\smartshop\components\lvgl\lv_port_linux_frame_buffer\lvgl\lvgl\visualgdb\debug\_1_\src\font\lv_font_unscii_8.gcc.rsp
c:\users\ronohmer\documents\github\smartshop\components\lvgl\lv_port_linux_frame_buffer\lvgl\lvgl\visualgdb\debug\_1_\src\hal\lv_hal_disp.o
c:\users\ronohmer\documents\github\smartshop\components\lvgl\lv_port_linux_frame_buffer\lvgl\lvgl\visualgdb\debug\_1_\src\hal\lv_hal_indev.o
c:\users\ronohmer\documents\github\smartshop\components\lvgl\lv_port_linux_frame_buffer\lvgl\lvgl\visualgdb\debug\_1_\src\hal\lv_hal_tick.o
c:\users\ronohmer\documents\github\smartshop\components\lvgl\lv_port_linux_frame_buffer\lvgl\lvgl\visualgdb\debug\_1_\src\hal\lv_hal_disp.dep
c:\users\ronohmer\documents\github\smartshop\components\lvgl\lv_port_linux_frame_buffer\lvgl\lvgl\visualgdb\debug\_1_\src\hal\lv_hal_indev.dep
c:\users\ronohmer\documents\github\smartshop\components\lvgl\lv_port_linux_frame_buffer\lvgl\lvgl\visualgdb\debug\_1_\src\hal\lv_hal_tick.dep
c:\users\ronohmer\documents\github\smartshop\components\lvgl\lv_port_linux_frame_buffer\lvgl\lvgl\visualgdb\debug\_1_\src\hal\lv_hal_disp.gcc.rsp
c:\users\ronohmer\documents\github\smartshop\components\lvgl\lv_port_linux_frame_buffer\lvgl\lvgl\visualgdb\debug\_1_\src\hal\lv_hal_indev.gcc.rsp
c:\users\ronohmer\documents\github\smartshop\components\lvgl\lv_port_linux_frame_buffer\lvgl\lvgl\visualgdb\debug\_1_\src\hal\lv_hal_tick.gcc.rsp
c:\users\ronohmer\documents\github\smartshop\components\lvgl\lv_port_linux_frame_buffer\lvgl\lvgl\visualgdb\debug\_1_\src\layouts\flex\lv_flex.o
c:\users\ronohmer\documents\github\smartshop\components\lvgl\lv_port_linux_frame_buffer\lvgl\lvgl\visualgdb\debug\_1_\src\layouts\flex\lv_flex.dep
c:\users\ronohmer\documents\github\smartshop\components\lvgl\lv_port_linux_frame_buffer\lvgl\lvgl\visualgdb\debug\_1_\src\layouts\flex\lv_flex.gcc.rsp
c:\users\ronohmer\documents\github\smartshop\components\lvgl\lv_port_linux_frame_buffer\lvgl\lvgl\visualgdb\debug\_1_\src\layouts\grid\lv_grid.o
c:\users\ronohmer\documents\github\smartshop\components\lvgl\lv_port_linux_frame_buffer\lvgl\lvgl\visualgdb\debug\_1_\src\layouts\grid\lv_grid.dep
c:\users\ronohmer\documents\github\smartshop\components\lvgl\lv_port_linux_frame_buffer\lvgl\lvgl\visualgdb\debug\_1_\src\layouts\grid\lv_grid.gcc.rsp
c:\users\ronohmer\documents\github\smartshop\components\lvgl\lv_port_linux_frame_buffer\lvgl\lvgl\visualgdb\debug\_1_\src\libs\barcode\code128.o
c:\users\ronohmer\documents\github\smartshop\components\lvgl\lv_port_linux_frame_buffer\lvgl\lvgl\visualgdb\debug\_1_\src\libs\barcode\lv_barcode.o
c:\users\ronohmer\documents\github\smartshop\components\lvgl\lv_port_linux_frame_buffer\lvgl\lvgl\visualgdb\debug\_1_\src\libs\barcode\code128.dep
c:\users\ronohmer\documents\github\smartshop\components\lvgl\lv_port_linux_frame_buffer\lvgl\lvgl\visualgdb\debug\_1_\src\libs\barcode\lv_barcode.dep
c:\users\ronohmer\documents\github\smartshop\components\lvgl\lv_port_linux_frame_buffer\lvgl\lvgl\visualgdb\debug\_1_\src\libs\barcode\code128.gcc.rsp
c:\users\ronohmer\documents\github\smartshop\components\lvgl\lv_port_linux_frame_buffer\lvgl\lvgl\visualgdb\debug\_1_\src\libs\barcode\lv_barcode.gcc.rsp
c:\users\ronohmer\documents\github\smartshop\components\lvgl\lv_port_linux_frame_buffer\lvgl\lvgl\visualgdb\debug\_1_\src\libs\bmp\lv_bmp.o
c:\users\ronohmer\documents\github\smartshop\components\lvgl\lv_port_linux_frame_buffer\lvgl\lvgl\visualgdb\debug\_1_\src\libs\bmp\lv_bmp.dep
c:\users\ronohmer\documents\github\smartshop\components\lvgl\lv_port_linux_frame_buffer\lvgl\lvgl\visualgdb\debug\_1_\src\libs\bmp\lv_bmp.gcc.rsp
c:\users\ronohmer\documents\github\smartshop\components\lvgl\lv_port_linux_frame_buffer\lvgl\lvgl\visualgdb\debug\_1_\src\libs\ffmpeg\lv_ffmpeg.o
c:\users\ronohmer\documents\github\smartshop\components\lvgl\lv_port_linux_frame_buffer\lvgl\lvgl\visualgdb\debug\_1_\src\libs\ffmpeg\lv_ffmpeg.dep
c:\users\ronohmer\documents\github\smartshop\components\lvgl\lv_port_linux_frame_buffer\lvgl\lvgl\visualgdb\debug\_1_\src\libs\ffmpeg\lv_ffmpeg.gcc.rsp
c:\users\ronohmer\documents\github\smartshop\components\lvgl\lv_port_linux_frame_buffer\lvgl\lvgl\visualgdb\debug\_1_\src\libs\freetype\lv_freetype.o
c:\users\ronohmer\documents\github\smartshop\components\lvgl\lv_port_linux_frame_buffer\lvgl\lvgl\visualgdb\debug\_1_\src\libs\freetype\lv_ftsystem.o
c:\users\ronohmer\documents\github\smartshop\components\lvgl\lv_port_linux_frame_buffer\lvgl\lvgl\visualgdb\debug\_1_\src\libs\freetype\lv_freetype.dep
c:\users\ronohmer\documents\github\smartshop\components\lvgl\lv_port_linux_frame_buffer\lvgl\lvgl\visualgdb\debug\_1_\src\libs\freetype\lv_ftsystem.dep
c:\users\ronohmer\documents\github\smartshop\components\lvgl\lv_port_linux_frame_buffer\lvgl\lvgl\visualgdb\debug\_1_\src\libs\freetype\lv_freetype.gcc.rsp
c:\users\ronohmer\documents\github\smartshop\components\lvgl\lv_port_linux_frame_buffer\lvgl\lvgl\visualgdb\debug\_1_\src\libs\freetype\lv_ftsystem.gcc.rsp
c:\users\ronohmer\documents\github\smartshop\components\lvgl\lv_port_linux_frame_buffer\lvgl\lvgl\visualgdb\debug\_1_\src\libs\fsdrv\lv_fs_cbfs.o
c:\users\ronohmer\documents\github\smartshop\components\lvgl\lv_port_linux_frame_buffer\lvgl\lvgl\visualgdb\debug\_1_\src\libs\fsdrv\lv_fs_fatfs.o
c:\users\ronohmer\documents\github\smartshop\components\lvgl\lv_port_linux_frame_buffer\lvgl\lvgl\visualgdb\debug\_1_\src\libs\fsdrv\lv_fs_posix.o
c:\users\ronohmer\documents\github\smartshop\components\lvgl\lv_port_linux_frame_buffer\lvgl\lvgl\visualgdb\debug\_1_\src\libs\fsdrv\lv_fs_stdio.o
c:\users\ronohmer\documents\github\smartshop\components\lvgl\lv_port_linux_frame_buffer\lvgl\lvgl\visualgdb\debug\_1_\src\libs\fsdrv\lv_fs_win32.o
c:\users\ronohmer\documents\github\smartshop\components\lvgl\lv_port_linux_frame_buffer\lvgl\lvgl\visualgdb\debug\_1_\src\libs\fsdrv\lv_fs_cbfs.dep
c:\users\ronohmer\documents\github\smartshop\components\lvgl\lv_port_linux_frame_buffer\lvgl\lvgl\visualgdb\debug\_1_\src\libs\fsdrv\lv_fs_fatfs.dep
c:\users\ronohmer\documents\github\smartshop\components\lvgl\lv_port_linux_frame_buffer\lvgl\lvgl\visualgdb\debug\_1_\src\libs\fsdrv\lv_fs_posix.dep
c:\users\ronohmer\documents\github\smartshop\components\lvgl\lv_port_linux_frame_buffer\lvgl\lvgl\visualgdb\debug\_1_\src\libs\fsdrv\lv_fs_stdio.dep
c:\users\ronohmer\documents\github\smartshop\components\lvgl\lv_port_linux_frame_buffer\lvgl\lvgl\visualgdb\debug\_1_\src\libs\fsdrv\lv_fs_win32.dep
c:\users\ronohmer\documents\github\smartshop\components\lvgl\lv_port_linux_frame_buffer\lvgl\lvgl\visualgdb\debug\_1_\src\libs\fsdrv\lv_fs_cbfs.gcc.rsp
c:\users\ronohmer\documents\github\smartshop\components\lvgl\lv_port_linux_frame_buffer\lvgl\lvgl\visualgdb\debug\_1_\src\libs\fsdrv\lv_fs_fatfs.gcc.rsp
c:\users\ronohmer\documents\github\smartshop\components\lvgl\lv_port_linux_frame_buffer\lvgl\lvgl\visualgdb\debug\_1_\src\libs\fsdrv\lv_fs_posix.gcc.rsp
c:\users\ronohmer\documents\github\smartshop\components\lvgl\lv_port_linux_frame_buffer\lvgl\lvgl\visualgdb\debug\_1_\src\libs\fsdrv\lv_fs_stdio.gcc.rsp
c:\users\ronohmer\documents\github\smartshop\components\lvgl\lv_port_linux_frame_buffer\lvgl\lvgl\visualgdb\debug\_1_\src\libs\fsdrv\lv_fs_win32.gcc.rsp
c:\users\ronohmer\documents\github\smartshop\components\lvgl\lv_port_linux_frame_buffer\lvgl\lvgl\visualgdb\debug\_1_\src\libs\gif\gifdec.o
c:\users\ronohmer\documents\github\smartshop\components\lvgl\lv_port_linux_frame_buffer\lvgl\lvgl\visualgdb\debug\_1_\src\libs\gif\lv_gif.o
c:\users\ronohmer\documents\github\smartshop\components\lvgl\lv_port_linux_frame_buffer\lvgl\lvgl\visualgdb\debug\_1_\src\libs\gif\gifdec.dep
c:\users\ronohmer\documents\github\smartshop\components\lvgl\lv_port_linux_frame_buffer\lvgl\lvgl\visualgdb\debug\_1_\src\libs\gif\lv_gif.dep
c:\users\ronohmer\documents\github\smartshop\components\lvgl\lv_port_linux_frame_buffer\lvgl\lvgl\visualgdb\debug\_1_\src\libs\gif\gifdec.gcc.rsp
c:\users\ronohmer\documents\github\smartshop\components\lvgl\lv_port_linux_frame_buffer\lvgl\lvgl\visualgdb\debug\_1_\src\libs\gif\lv_gif.gcc.rsp
c:\users\ronohmer\documents\github\smartshop\components\lvgl\lv_port_linux_frame_buffer\lvgl\lvgl\visualgdb\debug\_1_\src\libs\png\lodepng.o
c:\users\ronohmer\documents\github\smartshop\components\lvgl\lv_port_linux_frame_buffer\lvgl\lvgl\visualgdb\debug\_1_\src\libs\png\lv_png.o
c:\users\ronohmer\documents\github\smartshop\components\lvgl\lv_port_linux_frame_buffer\lvgl\lvgl\visualgdb\debug\_1_\src\libs\png\lodepng.dep
c:\users\ronohmer\documents\github\smartshop\components\lvgl\lv_port_linux_frame_buffer\lvgl\lvgl\visualgdb\debug\_1_\src\libs\png\lv_png.dep
c:\users\ronohmer\documents\github\smartshop\components\lvgl\lv_port_linux_frame_buffer\lvgl\lvgl\visualgdb\debug\_1_\src\libs\png\lodepng.gcc.rsp
c:\users\ronohmer\documents\github\smartshop\components\lvgl\lv_port_linux_frame_buffer\lvgl\lvgl\visualgdb\debug\_1_\src\libs\png\lv_png.gcc.rsp
c:\users\ronohmer\documents\github\smartshop\components\lvgl\lv_port_linux_frame_buffer\lvgl\lvgl\visualgdb\debug\_1_\src\libs\qrcode\lv_qrcode.o
c:\users\ronohmer\documents\github\smartshop\components\lvgl\lv_port_linux_frame_buffer\lvgl\lvgl\visualgdb\debug\_1_\src\libs\qrcode\qrcodegen.o
c:\users\ronohmer\documents\github\smartshop\components\lvgl\lv_port_linux_frame_buffer\lvgl\lvgl\visualgdb\debug\_1_\src\libs\qrcode\lv_qrcode.dep
c:\users\ronohmer\documents\github\smartshop\components\lvgl\lv_port_linux_frame_buffer\lvgl\lvgl\visualgdb\debug\_1_\src\libs\qrcode\qrcodegen.dep
c:\users\ronohmer\documents\github\smartshop\components\lvgl\lv_port_linux_frame_buffer\lvgl\lvgl\visualgdb\debug\_1_\src\libs\qrcode\lv_qrcode.gcc.rsp
c:\users\ronohmer\documents\github\smartshop\components\lvgl\lv_port_linux_frame_buffer\lvgl\lvgl\visualgdb\debug\_1_\src\libs\qrcode\qrcodegen.gcc.rsp
c:\users\ronohmer\documents\github\smartshop\components\lvgl\lv_port_linux_frame_buffer\lvgl\lvgl\visualgdb\debug\_1_\src\libs\rlottie\lv_rlottie.o
c:\users\ronohmer\documents\github\smartshop\components\lvgl\lv_port_linux_frame_buffer\lvgl\lvgl\visualgdb\debug\_1_\src\libs\rlottie\lv_rlottie.dep
c:\users\ronohmer\documents\github\smartshop\components\lvgl\lv_port_linux_frame_buffer\lvgl\lvgl\visualgdb\debug\_1_\src\libs\rlottie\lv_rlottie.gcc.rsp
c:\users\ronohmer\documents\github\smartshop\components\lvgl\lv_port_linux_frame_buffer\lvgl\lvgl\visualgdb\debug\_1_\src\libs\sjpg\lv_sjpg.o
c:\users\ronohmer\documents\github\smartshop\components\lvgl\lv_port_linux_frame_buffer\lvgl\lvgl\visualgdb\debug\_1_\src\libs\sjpg\tjpgd.o
c:\users\ronohmer\documents\github\smartshop\components\lvgl\lv_port_linux_frame_buffer\lvgl\lvgl\visualgdb\debug\_1_\src\libs\sjpg\lv_sjpg.dep
c:\users\ronohmer\documents\github\smartshop\components\lvgl\lv_port_linux_frame_buffer\lvgl\lvgl\visualgdb\debug\_1_\src\libs\sjpg\tjpgd.dep
c:\users\ronohmer\documents\github\smartshop\components\lvgl\lv_port_linux_frame_buffer\lvgl\lvgl\visualgdb\debug\_1_\src\libs\sjpg\lv_sjpg.gcc.rsp
c:\users\ronohmer\documents\github\smartshop\components\lvgl\lv_port_linux_frame_buffer\lvgl\lvgl\visualgdb\debug\_1_\src\libs\sjpg\tjpgd.gcc.rsp
c:\users\ronohmer\documents\github\smartshop\components\lvgl\lv_port_linux_frame_buffer\lvgl\lvgl\visualgdb\debug\_1_\src\libs\tiny_ttf\lv_tiny_ttf.o
c:\users\ronohmer\documents\github\smartshop\components\lvgl\lv_port_linux_frame_buffer\lvgl\lvgl\visualgdb\debug\_1_\src\libs\tiny_ttf\lv_tiny_ttf.dep
c:\users\ronohmer\documents\github\smartshop\components\lvgl\lv_port_linux_frame_buffer\lvgl\lvgl\visualgdb\debug\_1_\src\libs\tiny_ttf\lv_tiny_ttf.gcc.rsp
c:\users\ronohmer\documents\github\smartshop\components\lvgl\lv_port_linux_frame_buffer\lvgl\lvgl\visualgdb\debug\_1_\src\misc\lv_anim.o
c:\users\ronohmer\documents\github\smartshop\components\lvgl\lv_port_linux_frame_buffer\lvgl\lvgl\visualgdb\debug\_1_\src\misc\lv_anim_timeline.o
c:\users\ronohmer\documents\github\smartshop\components\lvgl\lv_port_linux_frame_buffer\lvgl\lvgl\visualgdb\debug\_1_\src\misc\lv_area.o
c:\users\ronohmer\documents\github\smartshop\components\lvgl\lv_port_linux_frame_buffer\lvgl\lvgl\visualgdb\debug\_1_\src\misc\lv_async.o
c:\users\ronohmer\documents\github\smartshop\components\lvgl\lv_port_linux_frame_buffer\lvgl\lvgl\visualgdb\debug\_1_\src\misc\lv_bidi.o
c:\users\ronohmer\documents\github\smartshop\components\lvgl\lv_port_linux_frame_buffer\lvgl\lvgl\visualgdb\debug\_1_\src\misc\lv_color.o
c:\users\ronohmer\documents\github\smartshop\components\lvgl\lv_port_linux_frame_buffer\lvgl\lvgl\visualgdb\debug\_1_\src\misc\lv_fs.o
c:\users\ronohmer\documents\github\smartshop\components\lvgl\lv_port_linux_frame_buffer\lvgl\lvgl\visualgdb\debug\_1_\src\misc\lv_gc.o
c:\users\ronohmer\documents\github\smartshop\components\lvgl\lv_port_linux_frame_buffer\lvgl\lvgl\visualgdb\debug\_1_\src\misc\lv_ll.o
c:\users\ronohmer\documents\github\smartshop\components\lvgl\lv_port_linux_frame_buffer\lvgl\lvgl\visualgdb\debug\_1_\src\misc\lv_log.o
c:\users\ronohmer\documents\github\smartshop\components\lvgl\lv_port_linux_frame_buffer\lvgl\lvgl\visualgdb\debug\_1_\src\misc\lv_lru.o
c:\users\ronohmer\documents\github\smartshop\components\lvgl\lv_port_linux_frame_buffer\lvgl\lvgl\visualgdb\debug\_1_\src\misc\lv_malloc_builtin.o
c:\users\ronohmer\documents\github\smartshop\components\lvgl\lv_port_linux_frame_buffer\lvgl\lvgl\visualgdb\debug\_1_\src\misc\lv_math.o
c:\users\ronohmer\documents\github\smartshop\components\lvgl\lv_port_linux_frame_buffer\lvgl\lvgl\visualgdb\debug\_1_\src\misc\lv_mem.o
c:\users\ronohmer\documents\github\smartshop\components\lvgl\lv_port_linux_frame_buffer\lvgl\lvgl\visualgdb\debug\_1_\src\misc\lv_memcpy_builtin.o
c:\users\ronohmer\documents\github\smartshop\components\lvgl\lv_port_linux_frame_buffer\lvgl\lvgl\visualgdb\debug\_1_\src\misc\lv_printf.o
c:\users\ronohmer\documents\github\smartshop\components\lvgl\lv_port_linux_frame_buffer\lvgl\lvgl\visualgdb\debug\_1_\src\misc\lv_style.o
c:\users\ronohmer\documents\github\smartshop\components\lvgl\lv_port_linux_frame_buffer\lvgl\lvgl\visualgdb\debug\_1_\src\misc\lv_style_gen.o
c:\users\ronohmer\documents\github\smartshop\components\lvgl\lv_port_linux_frame_buffer\lvgl\lvgl\visualgdb\debug\_1_\src\misc\lv_templ.o
c:\users\ronohmer\documents\github\smartshop\components\lvgl\lv_port_linux_frame_buffer\lvgl\lvgl\visualgdb\debug\_1_\src\misc\lv_timer.o
c:\users\ronohmer\documents\github\smartshop\components\lvgl\lv_port_linux_frame_buffer\lvgl\lvgl\visualgdb\debug\_1_\src\misc\lv_tlsf.o
c:\users\ronohmer\documents\github\smartshop\components\lvgl\lv_port_linux_frame_buffer\lvgl\lvgl\visualgdb\debug\_1_\src\misc\lv_txt.o
c:\users\ronohmer\documents\github\smartshop\components\lvgl\lv_port_linux_frame_buffer\lvgl\lvgl\visualgdb\debug\_1_\src\misc\lv_txt_ap.o
c:\users\ronohmer\documents\github\smartshop\components\lvgl\lv_port_linux_frame_buffer\lvgl\lvgl\visualgdb\debug\_1_\src\misc\lv_utils.o
c:\users\ronohmer\documents\github\smartshop\components\lvgl\lv_port_linux_frame_buffer\lvgl\lvgl\visualgdb\debug\_1_\src\misc\lv_anim.dep
c:\users\ronohmer\documents\github\smartshop\components\lvgl\lv_port_linux_frame_buffer\lvgl\lvgl\visualgdb\debug\_1_\src\misc\lv_anim_timeline.dep
c:\users\ronohmer\documents\github\smartshop\components\lvgl\lv_port_linux_frame_buffer\lvgl\lvgl\visualgdb\debug\_1_\src\misc\lv_area.dep
c:\users\ronohmer\documents\github\smartshop\components\lvgl\lv_port_linux_frame_buffer\lvgl\lvgl\visualgdb\debug\_1_\src\misc\lv_async.dep
c:\users\ronohmer\documents\github\smartshop\components\lvgl\lv_port_linux_frame_buffer\lvgl\lvgl\visualgdb\debug\_1_\src\misc\lv_bidi.dep
c:\users\ronohmer\documents\github\smartshop\components\lvgl\lv_port_linux_frame_buffer\lvgl\lvgl\visualgdb\debug\_1_\src\misc\lv_color.dep
c:\users\ronohmer\documents\github\smartshop\components\lvgl\lv_port_linux_frame_buffer\lvgl\lvgl\visualgdb\debug\_1_\src\misc\lv_fs.dep
c:\users\ronohmer\documents\github\smartshop\components\lvgl\lv_port_linux_frame_buffer\lvgl\lvgl\visualgdb\debug\_1_\src\misc\lv_gc.dep
c:\users\ronohmer\documents\github\smartshop\components\lvgl\lv_port_linux_frame_buffer\lvgl\lvgl\visualgdb\debug\_1_\src\misc\lv_ll.dep
c:\users\ronohmer\documents\github\smartshop\components\lvgl\lv_port_linux_frame_buffer\lvgl\lvgl\visualgdb\debug\_1_\src\misc\lv_log.dep
c:\users\ronohmer\documents\github\smartshop\components\lvgl\lv_port_linux_frame_buffer\lvgl\lvgl\visualgdb\debug\_1_\src\misc\lv_lru.dep
c:\users\ronohmer\documents\github\smartshop\components\lvgl\lv_port_linux_frame_buffer\lvgl\lvgl\visualgdb\debug\_1_\src\misc\lv_malloc_builtin.dep
c:\users\ronohmer\documents\github\smartshop\components\lvgl\lv_port_linux_frame_buffer\lvgl\lvgl\visualgdb\debug\_1_\src\misc\lv_math.dep
c:\users\ronohmer\documents\github\smartshop\components\lvgl\lv_port_linux_frame_buffer\lvgl\lvgl\visualgdb\debug\_1_\src\misc\lv_mem.dep
c:\users\ronohmer\documents\github\smartshop\components\lvgl\lv_port_linux_frame_buffer\lvgl\lvgl\visualgdb\debug\_1_\src\misc\lv_memcpy_builtin.dep
c:\users\ronohmer\documents\github\smartshop\components\lvgl\lv_port_linux_frame_buffer\lvgl\lvgl\visualgdb\debug\_1_\src\misc\lv_printf.dep
c:\users\ronohmer\documents\github\smartshop\components\lvgl\lv_port_linux_frame_buffer\lvgl\lvgl\visualgdb\debug\_1_\src\misc\lv_style.dep
c:\users\ronohmer\documents\github\smartshop\components\lvgl\lv_port_linux_frame_buffer\lvgl\lvgl\visualgdb\debug\_1_\src\misc\lv_style_gen.dep
c:\users\ronohmer\documents\github\smartshop\components\lvgl\lv_port_linux_frame_buffer\lvgl\lvgl\visualgdb\debug\_1_\src\misc\lv_templ.dep
c:\users\ronohmer\documents\github\smartshop\components\lvgl\lv_port_linux_frame_buffer\lvgl\lvgl\visualgdb\debug\_1_\src\misc\lv_timer.dep
c:\users\ronohmer\documents\github\smartshop\components\lvgl\lv_port_linux_frame_buffer\lvgl\lvgl\visualgdb\debug\_1_\src\misc\lv_tlsf.dep
c:\users\ronohmer\documents\github\smartshop\components\lvgl\lv_port_linux_frame_buffer\lvgl\lvgl\visualgdb\debug\_1_\src\misc\lv_txt.dep
c:\users\ronohmer\documents\github\smartshop\components\lvgl\lv_port_linux_frame_buffer\lvgl\lvgl\visualgdb\debug\_1_\src\misc\lv_txt_ap.dep
c:\users\ronohmer\documents\github\smartshop\components\lvgl\lv_port_linux_frame_buffer\lvgl\lvgl\visualgdb\debug\_1_\src\misc\lv_utils.dep
c:\users\ronohmer\documents\github\smartshop\components\lvgl\lv_port_linux_frame_buffer\lvgl\lvgl\visualgdb\debug\_1_\src\misc\lv_anim.gcc.rsp
c:\users\ronohmer\documents\github\smartshop\components\lvgl\lv_port_linux_frame_buffer\lvgl\lvgl\visualgdb\debug\_1_\src\misc\lv_anim_timeline.gcc.rsp
c:\users\ronohmer\documents\github\smartshop\components\lvgl\lv_port_linux_frame_buffer\lvgl\lvgl\visualgdb\debug\_1_\src\misc\lv_area.gcc.rsp
c:\users\ronohmer\documents\github\smartshop\components\lvgl\lv_port_linux_frame_buffer\lvgl\lvgl\visualgdb\debug\_1_\src\misc\lv_async.gcc.rsp
c:\users\ronohmer\documents\github\smartshop\components\lvgl\lv_port_linux_frame_buffer\lvgl\lvgl\visualgdb\debug\_1_\src\misc\lv_bidi.gcc.rsp
c:\users\ronohmer\documents\github\smartshop\components\lvgl\lv_port_linux_frame_buffer\lvgl\lvgl\visualgdb\debug\_1_\src\misc\lv_color.gcc.rsp
c:\users\ronohmer\documents\github\smartshop\components\lvgl\lv_port_linux_frame_buffer\lvgl\lvgl\visualgdb\debug\_1_\src\misc\lv_fs.gcc.rsp
c:\users\ronohmer\documents\github\smartshop\components\lvgl\lv_port_linux_frame_buffer\lvgl\lvgl\visualgdb\debug\_1_\src\misc\lv_gc.gcc.rsp
c:\users\ronohmer\documents\github\smartshop\components\lvgl\lv_port_linux_frame_buffer\lvgl\lvgl\visualgdb\debug\_1_\src\misc\lv_ll.gcc.rsp
c:\users\ronohmer\documents\github\smartshop\components\lvgl\lv_port_linux_frame_buffer\lvgl\lvgl\visualgdb\debug\_1_\src\misc\lv_log.gcc.rsp
c:\users\ronohmer\documents\github\smartshop\components\lvgl\lv_port_linux_frame_buffer\lvgl\lvgl\visualgdb\debug\_1_\src\misc\lv_lru.gcc.rsp
c:\users\ronohmer\documents\github\smartshop\components\lvgl\lv_port_linux_frame_buffer\lvgl\lvgl\visualgdb\debug\_1_\src\misc\lv_malloc_builtin.gcc.rsp
c:\users\ronohmer\documents\github\smartshop\components\lvgl\lv_port_linux_frame_buffer\lvgl\lvgl\visualgdb\debug\_1_\src\misc\lv_math.gcc.rsp
c:\users\ronohmer\documents\github\smartshop\components\lvgl\lv_port_linux_frame_buffer\lvgl\lvgl\visualgdb\debug\_1_\src\misc\lv_mem.gcc.rsp
c:\users\ronohmer\documents\github\smartshop\components\lvgl\lv_port_linux_frame_buffer\lvgl\lvgl\visualgdb\debug\_1_\src\misc\lv_memcpy_builtin.gcc.rsp
c:\users\ronohmer\documents\github\smartshop\components\lvgl\lv_port_linux_frame_buffer\lvgl\lvgl\visualgdb\debug\_1_\src\misc\lv_printf.gcc.rsp
c:\users\ronohmer\documents\github\smartshop\components\lvgl\lv_port_linux_frame_buffer\lvgl\lvgl\visualgdb\debug\_1_\src\misc\lv_style.gcc.rsp
c:\users\ronohmer\documents\github\smartshop\components\lvgl\lv_port_linux_frame_buffer\lvgl\lvgl\visualgdb\debug\_1_\src\misc\lv_style_gen.gcc.rsp
c:\users\ronohmer\documents\github\smartshop\components\lvgl\lv_port_linux_frame_buffer\lvgl\lvgl\visualgdb\debug\_1_\src\misc\lv_templ.gcc.rsp
c:\users\ronohmer\documents\github\smartshop\components\lvgl\lv_port_linux_frame_buffer\lvgl\lvgl\visualgdb\debug\_1_\src\misc\lv_timer.gcc.rsp
c:\users\ronohmer\documents\github\smartshop\components\lvgl\lv_port_linux_frame_buffer\lvgl\lvgl\visualgdb\debug\_1_\src\misc\lv_tlsf.gcc.rsp
c:\users\ronohmer\documents\github\smartshop\components\lvgl\lv_port_linux_frame_buffer\lvgl\lvgl\visualgdb\debug\_1_\src\misc\lv_txt.gcc.rsp
c:\users\ronohmer\documents\github\smartshop\components\lvgl\lv_port_linux_frame_buffer\lvgl\lvgl\visualgdb\debug\_1_\src\misc\lv_txt_ap.gcc.rsp
c:\users\ronohmer\documents\github\smartshop\components\lvgl\lv_port_linux_frame_buffer\lvgl\lvgl\visualgdb\debug\_1_\src\misc\lv_utils.gcc.rsp
c:\users\ronohmer\documents\github\smartshop\components\lvgl\lv_port_linux_frame_buffer\lvgl\lvgl\visualgdb\debug\_1_\src\others\file_explorer\lv_file_explorer.o
c:\users\ronohmer\documents\github\smartshop\components\lvgl\lv_port_linux_frame_buffer\lvgl\lvgl\visualgdb\debug\_1_\src\others\file_explorer\lv_file_explorer.dep
c:\users\ronohmer\documents\github\smartshop\components\lvgl\lv_port_linux_frame_buffer\lvgl\lvgl\visualgdb\debug\_1_\src\others\file_explorer\lv_file_explorer.gcc.rsp
c:\users\ronohmer\documents\github\smartshop\components\lvgl\lv_port_linux_frame_buffer\lvgl\lvgl\visualgdb\debug\_1_\src\others\fragment\lv_fragment.o
c:\users\ronohmer\documents\github\smartshop\components\lvgl\lv_port_linux_frame_buffer\lvgl\lvgl\visualgdb\debug\_1_\src\others\fragment\lv_fragment_manager.o
c:\users\ronohmer\documents\github\smartshop\components\lvgl\lv_port_linux_frame_buffer\lvgl\lvgl\visualgdb\debug\_1_\src\others\fragment\lv_fragment.dep
c:\users\ronohmer\documents\github\smartshop\components\lvgl\lv_port_linux_frame_buffer\lvgl\lvgl\visualgdb\debug\_1_\src\others\fragment\lv_fragment_manager.dep
c:\users\ronohmer\documents\github\smartshop\components\lvgl\lv_port_linux_frame_buffer\lvgl\lvgl\visualgdb\debug\_1_\src\others\fragment\lv_fragment.gcc.rsp
c:\users\ronohmer\documents\github\smartshop\components\lvgl\lv_port_linux_frame_buffer\lvgl\lvgl\visualgdb\debug\_1_\src\others\fragment\lv_fragment_manager.gcc.rsp
c:\users\ronohmer\documents\github\smartshop\components\lvgl\lv_port_linux_frame_buffer\lvgl\lvgl\visualgdb\debug\_1_\src\others\gridnav\lv_gridnav.o
c:\users\ronohmer\documents\github\smartshop\components\lvgl\lv_port_linux_frame_buffer\lvgl\lvgl\visualgdb\debug\_1_\src\others\gridnav\lv_gridnav.dep
c:\users\ronohmer\documents\github\smartshop\components\lvgl\lv_port_linux_frame_buffer\lvgl\lvgl\visualgdb\debug\_1_\src\others\gridnav\lv_gridnav.gcc.rsp
c:\users\ronohmer\documents\github\smartshop\components\lvgl\lv_port_linux_frame_buffer\lvgl\lvgl\visualgdb\debug\_1_\src\others\ime\lv_ime_pinyin.o
c:\users\ronohmer\documents\github\smartshop\components\lvgl\lv_port_linux_frame_buffer\lvgl\lvgl\visualgdb\debug\_1_\src\others\ime\lv_ime_pinyin.dep
c:\users\ronohmer\documents\github\smartshop\components\lvgl\lv_port_linux_frame_buffer\lvgl\lvgl\visualgdb\debug\_1_\src\others\ime\lv_ime_pinyin.gcc.rsp
c:\users\ronohmer\documents\github\smartshop\components\lvgl\lv_port_linux_frame_buffer\lvgl\lvgl\visualgdb\debug\_1_\src\others\imgfont\lv_imgfont.o
c:\users\ronohmer\documents\github\smartshop\components\lvgl\lv_port_linux_frame_buffer\lvgl\lvgl\visualgdb\debug\_1_\src\others\imgfont\lv_imgfont.dep
c:\users\ronohmer\documents\github\smartshop\components\lvgl\lv_port_linux_frame_buffer\lvgl\lvgl\visualgdb\debug\_1_\src\others\imgfont\lv_imgfont.gcc.rsp
c:\users\ronohmer\documents\github\smartshop\components\lvgl\lv_port_linux_frame_buffer\lvgl\lvgl\visualgdb\debug\_1_\src\others\monkey\lv_monkey.o
c:\users\ronohmer\documents\github\smartshop\components\lvgl\lv_port_linux_frame_buffer\lvgl\lvgl\visualgdb\debug\_1_\src\others\monkey\lv_monkey.dep
c:\users\ronohmer\documents\github\smartshop\components\lvgl\lv_port_linux_frame_buffer\lvgl\lvgl\visualgdb\debug\_1_\src\others\monkey\lv_monkey.gcc.rsp
c:\users\ronohmer\documents\github\smartshop\components\lvgl\lv_port_linux_frame_buffer\lvgl\lvgl\visualgdb\debug\_1_\src\others\msg\lv_msg.o
c:\users\ronohmer\documents\github\smartshop\components\lvgl\lv_port_linux_frame_buffer\lvgl\lvgl\visualgdb\debug\_1_\src\others\msg\lv_msg.dep
c:\users\ronohmer\documents\github\smartshop\components\lvgl\lv_port_linux_frame_buffer\lvgl\lvgl\visualgdb\debug\_1_\src\others\msg\lv_msg.gcc.rsp
c:\users\ronohmer\documents\github\smartshop\components\lvgl\lv_port_linux_frame_buffer\lvgl\lvgl\visualgdb\debug\_1_\src\others\snapshot\lv_snapshot.o
c:\users\ronohmer\documents\github\smartshop\components\lvgl\lv_port_linux_frame_buffer\lvgl\lvgl\visualgdb\debug\_1_\src\others\snapshot\lv_snapshot.dep
c:\users\ronohmer\documents\github\smartshop\components\lvgl\lv_port_linux_frame_buffer\lvgl\lvgl\visualgdb\debug\_1_\src\others\snapshot\lv_snapshot.gcc.rsp
c:\users\ronohmer\documents\github\smartshop\components\lvgl\lv_port_linux_frame_buffer\lvgl\lvgl\visualgdb\debug\_1_\src\themes\basic\lv_theme_basic.o
c:\users\ronohmer\documents\github\smartshop\components\lvgl\lv_port_linux_frame_buffer\lvgl\lvgl\visualgdb\debug\_1_\src\themes\basic\lv_theme_basic.dep
c:\users\ronohmer\documents\github\smartshop\components\lvgl\lv_port_linux_frame_buffer\lvgl\lvgl\visualgdb\debug\_1_\src\themes\basic\lv_theme_basic.gcc.rsp
c:\users\ronohmer\documents\github\smartshop\components\lvgl\lv_port_linux_frame_buffer\lvgl\lvgl\visualgdb\debug\_1_\src\themes\default\lv_theme_default.o
c:\users\ronohmer\documents\github\smartshop\components\lvgl\lv_port_linux_frame_buffer\lvgl\lvgl\visualgdb\debug\_1_\src\themes\default\lv_theme_default.dep
c:\users\ronohmer\documents\github\smartshop\components\lvgl\lv_port_linux_frame_buffer\lvgl\lvgl\visualgdb\debug\_1_\src\themes\default\lv_theme_default.gcc.rsp
c:\users\ronohmer\documents\github\smartshop\components\lvgl\lv_port_linux_frame_buffer\lvgl\lvgl\visualgdb\debug\_1_\src\themes\mono\lv_theme_mono.o
c:\users\ronohmer\documents\github\smartshop\components\lvgl\lv_port_linux_frame_buffer\lvgl\lvgl\visualgdb\debug\_1_\src\themes\mono\lv_theme_mono.dep
c:\users\ronohmer\documents\github\smartshop\components\lvgl\lv_port_linux_frame_buffer\lvgl\lvgl\visualgdb\debug\_1_\src\themes\mono\lv_theme_mono.gcc.rsp
c:\users\ronohmer\documents\github\smartshop\components\lvgl\lv_port_linux_frame_buffer\lvgl\lvgl\visualgdb\debug\_1_\src\widgets\animimg\lv_animimg.o
c:\users\ronohmer\documents\github\smartshop\components\lvgl\lv_port_linux_frame_buffer\lvgl\lvgl\visualgdb\debug\_1_\src\widgets\animimg\lv_animimg.dep
c:\users\ronohmer\documents\github\smartshop\components\lvgl\lv_port_linux_frame_buffer\lvgl\lvgl\visualgdb\debug\_1_\src\widgets\animimg\lv_animimg.gcc.rsp
c:\users\ronohmer\documents\github\smartshop\components\lvgl\lv_port_linux_frame_buffer\lvgl\lvgl\visualgdb\debug\_1_\src\widgets\arc\lv_arc.o
c:\users\ronohmer\documents\github\smartshop\components\lvgl\lv_port_linux_frame_buffer\lvgl\lvgl\visualgdb\debug\_1_\src\widgets\arc\lv_arc.dep
c:\users\ronohmer\documents\github\smartshop\components\lvgl\lv_port_linux_frame_buffer\lvgl\lvgl\visualgdb\debug\_1_\src\widgets\arc\lv_arc.gcc.rsp
c:\users\ronohmer\documents\github\smartshop\components\lvgl\lv_port_linux_frame_buffer\lvgl\lvgl\visualgdb\debug\_1_\src\widgets\bar\lv_bar.o
c:\users\ronohmer\documents\github\smartshop\components\lvgl\lv_port_linux_frame_buffer\lvgl\lvgl\visualgdb\debug\_1_\src\widgets\bar\lv_bar.dep
c:\users\ronohmer\documents\github\smartshop\components\lvgl\lv_port_linux_frame_buffer\lvgl\lvgl\visualgdb\debug\_1_\src\widgets\bar\lv_bar.gcc.rsp
c:\users\ronohmer\documents\github\smartshop\components\lvgl\lv_port_linux_frame_buffer\lvgl\lvgl\visualgdb\debug\_1_\src\widgets\btn\lv_btn.o
c:\users\ronohmer\documents\github\smartshop\components\lvgl\lv_port_linux_frame_buffer\lvgl\lvgl\visualgdb\debug\_1_\src\widgets\btn\lv_btn.dep
c:\users\ronohmer\documents\github\smartshop\components\lvgl\lv_port_linux_frame_buffer\lvgl\lvgl\visualgdb\debug\_1_\src\widgets\btn\lv_btn.gcc.rsp
c:\users\ronohmer\documents\github\smartshop\components\lvgl\lv_port_linux_frame_buffer\lvgl\lvgl\visualgdb\debug\_1_\src\widgets\btnmatrix\lv_btnmatrix.o
c:\users\ronohmer\documents\github\smartshop\components\lvgl\lv_port_linux_frame_buffer\lvgl\lvgl\visualgdb\debug\_1_\src\widgets\btnmatrix\lv_btnmatrix.dep
c:\users\ronohmer\documents\github\smartshop\components\lvgl\lv_port_linux_frame_buffer\lvgl\lvgl\visualgdb\debug\_1_\src\widgets\btnmatrix\lv_btnmatrix.gcc.rsp
c:\users\ronohmer\documents\github\smartshop\components\lvgl\lv_port_linux_frame_buffer\lvgl\lvgl\visualgdb\debug\_1_\src\widgets\calendar\lv_calendar.o
c:\users\ronohmer\documents\github\smartshop\components\lvgl\lv_port_linux_frame_buffer\lvgl\lvgl\visualgdb\debug\_1_\src\widgets\calendar\lv_calendar_header_arrow.o
c:\users\ronohmer\documents\github\smartshop\components\lvgl\lv_port_linux_frame_buffer\lvgl\lvgl\visualgdb\debug\_1_\src\widgets\calendar\lv_calendar_header_dropdown.o
c:\users\ronohmer\documents\github\smartshop\components\lvgl\lv_port_linux_frame_buffer\lvgl\lvgl\visualgdb\debug\_1_\src\widgets\calendar\lv_calendar.dep
c:\users\ronohmer\documents\github\smartshop\components\lvgl\lv_port_linux_frame_buffer\lvgl\lvgl\visualgdb\debug\_1_\src\widgets\calendar\lv_calendar_header_arrow.dep
c:\users\ronohmer\documents\github\smartshop\components\lvgl\lv_port_linux_frame_buffer\lvgl\lvgl\visualgdb\debug\_1_\src\widgets\calendar\lv_calendar_header_dropdown.dep
c:\users\ronohmer\documents\github\smartshop\components\lvgl\lv_port_linux_frame_buffer\lvgl\lvgl\visualgdb\debug\_1_\src\widgets\calendar\lv_calendar.gcc.rsp
c:\users\ronohmer\documents\github\smartshop\components\lvgl\lv_port_linux_frame_buffer\lvgl\lvgl\visualgdb\debug\_1_\src\widgets\calendar\lv_calendar_header_arrow.gcc.rsp
c:\users\ronohmer\documents\github\smartshop\components\lvgl\lv_port_linux_frame_buffer\lvgl\lvgl\visualgdb\debug\_1_\src\widgets\calendar\lv_calendar_header_dropdown.gcc.rsp
c:\users\ronohmer\documents\github\smartshop\components\lvgl\lv_port_linux_frame_buffer\lvgl\lvgl\visualgdb\debug\_1_\src\widgets\canvas\lv_canvas.o
c:\users\ronohmer\documents\github\smartshop\components\lvgl\lv_port_linux_frame_buffer\lvgl\lvgl\visualgdb\debug\_1_\src\widgets\canvas\lv_canvas.dep
c:\users\ronohmer\documents\github\smartshop\components\lvgl\lv_port_linux_frame_buffer\lvgl\lvgl\visualgdb\debug\_1_\src\widgets\canvas\lv_canvas.gcc.rsp
c:\users\ronohmer\documents\github\smartshop\components\lvgl\lv_port_linux_frame_buffer\lvgl\lvgl\visualgdb\debug\_1_\src\widgets\chart\lv_chart.o
c:\users\ronohmer\documents\github\smartshop\components\lvgl\lv_port_linux_frame_buffer\lvgl\lvgl\visualgdb\debug\_1_\src\widgets\chart\lv_chart.dep
c:\users\ronohmer\documents\github\smartshop\components\lvgl\lv_port_linux_frame_buffer\lvgl\lvgl\visualgdb\debug\_1_\src\widgets\chart\lv_chart.gcc.rsp
c:\users\ronohmer\documents\github\smartshop\components\lvgl\lv_port_linux_frame_buffer\lvgl\lvgl\visualgdb\debug\_1_\src\widgets\checkbox\lv_checkbox.o
c:\users\ronohmer\documents\github\smartshop\components\lvgl\lv_port_linux_frame_buffer\lvgl\lvgl\visualgdb\debug\_1_\src\widgets\checkbox\lv_checkbox.dep
c:\users\ronohmer\documents\github\smartshop\components\lvgl\lv_port_linux_frame_buffer\lvgl\lvgl\visualgdb\debug\_1_\src\widgets\checkbox\lv_checkbox.gcc.rsp
c:\users\ronohmer\documents\github\smartshop\components\lvgl\lv_port_linux_frame_buffer\lvgl\lvgl\visualgdb\debug\_1_\src\widgets\colorwheel\lv_colorwheel.o
c:\users\ronohmer\documents\github\smartshop\components\lvgl\lv_port_linux_frame_buffer\lvgl\lvgl\visualgdb\debug\_1_\src\widgets\colorwheel\lv_colorwheel.dep
c:\users\ronohmer\documents\github\smartshop\components\lvgl\lv_port_linux_frame_buffer\lvgl\lvgl\visualgdb\debug\_1_\src\widgets\colorwheel\lv_colorwheel.gcc.rsp
c:\users\ronohmer\documents\github\smartshop\components\lvgl\lv_port_linux_frame_buffer\lvgl\lvgl\visualgdb\debug\_1_\src\widgets\dropdown\lv_dropdown.o
c:\users\ronohmer\documents\github\smartshop\components\lvgl\lv_port_linux_frame_buffer\lvgl\lvgl\visualgdb\debug\_1_\src\widgets\dropdown\lv_dropdown.dep
c:\users\ronohmer\documents\github\smartshop\components\lvgl\lv_port_linux_frame_buffer\lvgl\lvgl\visualgdb\debug\_1_\src\widgets\dropdown\lv_dropdown.gcc.rsp
c:\users\ronohmer\documents\github\smartshop\components\lvgl\lv_port_linux_frame_buffer\lvgl\lvgl\visualgdb\debug\_1_\src\widgets\img\lv_img.o
c:\users\ronohmer\documents\github\smartshop\components\lvgl\lv_port_linux_frame_buffer\lvgl\lvgl\visualgdb\debug\_1_\src\widgets\img\lv_img.dep
c:\users\ronohmer\documents\github\smartshop\components\lvgl\lv_port_linux_frame_buffer\lvgl\lvgl\visualgdb\debug\_1_\src\widgets\img\lv_img.gcc.rsp
c:\users\ronohmer\documents\github\smartshop\components\lvgl\lv_port_linux_frame_buffer\lvgl\lvgl\visualgdb\debug\_1_\src\widgets\imgbtn\lv_imgbtn.o
c:\users\ronohmer\documents\github\smartshop\components\lvgl\lv_port_linux_frame_buffer\lvgl\lvgl\visualgdb\debug\_1_\src\widgets\imgbtn\lv_imgbtn.dep
c:\users\ronohmer\documents\github\smartshop\components\lvgl\lv_port_linux_frame_buffer\lvgl\lvgl\visualgdb\debug\_1_\src\widgets\imgbtn\lv_imgbtn.gcc.rsp
c:\users\ronohmer\documents\github\smartshop\components\lvgl\lv_port_linux_frame_buffer\lvgl\lvgl\visualgdb\debug\_1_\src\widgets\keyboard\lv_keyboard.o
c:\users\ronohmer\documents\github\smartshop\components\lvgl\lv_port_linux_frame_buffer\lvgl\lvgl\visualgdb\debug\_1_\src\widgets\keyboard\lv_keyboard.dep
c:\users\ronohmer\documents\github\smartshop\components\lvgl\lv_port_linux_frame_buffer\lvgl\lvgl\visualgdb\debug\_1_\src\widgets\keyboard\lv_keyboard.gcc.rsp
c:\users\ronohmer\documents\github\smartshop\components\lvgl\lv_port_linux_frame_buffer\lvgl\lvgl\visualgdb\debug\_1_\src\widgets\label\lv_label.o
c:\users\ronohmer\documents\github\smartshop\components\lvgl\lv_port_linux_frame_buffer\lvgl\lvgl\visualgdb\debug\_1_\src\widgets\label\lv_label.dep
c:\users\ronohmer\documents\github\smartshop\components\lvgl\lv_port_linux_frame_buffer\lvgl\lvgl\visualgdb\debug\_1_\src\widgets\label\lv_label.gcc.rsp
c:\users\ronohmer\documents\github\smartshop\components\lvgl\lv_port_linux_frame_buffer\lvgl\lvgl\visualgdb\debug\_1_\src\widgets\led\lv_led.o
c:\users\ronohmer\documents\github\smartshop\components\lvgl\lv_port_linux_frame_buffer\lvgl\lvgl\visualgdb\debug\_1_\src\widgets\led\lv_led.dep
c:\users\ronohmer\documents\github\smartshop\components\lvgl\lv_port_linux_frame_buffer\lvgl\lvgl\visualgdb\debug\_1_\src\widgets\led\lv_led.gcc.rsp
c:\users\ronohmer\documents\github\smartshop\components\lvgl\lv_port_linux_frame_buffer\lvgl\lvgl\visualgdb\debug\_1_\src\widgets\line\lv_line.o
c:\users\ronohmer\documents\github\smartshop\components\lvgl\lv_port_linux_frame_buffer\lvgl\lvgl\visualgdb\debug\_1_\src\widgets\line\lv_line.dep
c:\users\ronohmer\documents\github\smartshop\components\lvgl\lv_port_linux_frame_buffer\lvgl\lvgl\visualgdb\debug\_1_\src\widgets\line\lv_line.gcc.rsp
c:\users\ronohmer\documents\github\smartshop\components\lvgl\lv_port_linux_frame_buffer\lvgl\lvgl\visualgdb\debug\_1_\src\widgets\list\lv_list.o
c:\users\ronohmer\documents\github\smartshop\components\lvgl\lv_port_linux_frame_buffer\lvgl\lvgl\visualgdb\debug\_1_\src\widgets\list\lv_list.dep
c:\users\ronohmer\documents\github\smartshop\components\lvgl\lv_port_linux_frame_buffer\lvgl\lvgl\visualgdb\debug\_1_\src\widgets\list\lv_list.gcc.rsp
c:\users\ronohmer\documents\github\smartshop\components\lvgl\lv_port_linux_frame_buffer\lvgl\lvgl\visualgdb\debug\_1_\src\widgets\menu\lv_menu.o
c:\users\ronohmer\documents\github\smartshop\components\lvgl\lv_port_linux_frame_buffer\lvgl\lvgl\visualgdb\debug\_1_\src\widgets\menu\lv_menu.dep
c:\users\ronohmer\documents\github\smartshop\components\lvgl\lv_port_linux_frame_buffer\lvgl\lvgl\visualgdb\debug\_1_\src\widgets\menu\lv_menu.gcc.rsp
c:\users\ronohmer\documents\github\smartshop\components\lvgl\lv_port_linux_frame_buffer\lvgl\lvgl\visualgdb\debug\_1_\src\widgets\meter\lv_meter.o
c:\users\ronohmer\documents\github\smartshop\components\lvgl\lv_port_linux_frame_buffer\lvgl\lvgl\visualgdb\debug\_1_\src\widgets\meter\lv_meter.dep
c:\users\ronohmer\documents\github\smartshop\components\lvgl\lv_port_linux_frame_buffer\lvgl\lvgl\visualgdb\debug\_1_\src\widgets\meter\lv_meter.gcc.rsp
c:\users\ronohmer\documents\github\smartshop\components\lvgl\lv_port_linux_frame_buffer\lvgl\lvgl\visualgdb\debug\_1_\src\widgets\msgbox\lv_msgbox.o
c:\users\ronohmer\documents\github\smartshop\components\lvgl\lv_port_linux_frame_buffer\lvgl\lvgl\visualgdb\debug\_1_\src\widgets\msgbox\lv_msgbox.dep
c:\users\ronohmer\documents\github\smartshop\components\lvgl\lv_port_linux_frame_buffer\lvgl\lvgl\visualgdb\debug\_1_\src\widgets\msgbox\lv_msgbox.gcc.rsp
c:\users\ronohmer\documents\github\smartshop\components\lvgl\lv_port_linux_frame_buffer\lvgl\lvgl\visualgdb\debug\_1_\src\widgets\objx_templ\lv_objx_templ.o
c:\users\ronohmer\documents\github\smartshop\components\lvgl\lv_port_linux_frame_buffer\lvgl\lvgl\visualgdb\debug\_1_\src\widgets\objx_templ\lv_objx_templ.dep
c:\users\ronohmer\documents\github\smartshop\components\lvgl\lv_port_linux_frame_buffer\lvgl\lvgl\visualgdb\debug\_1_\src\widgets\objx_templ\lv_objx_templ.gcc.rsp
c:\users\ronohmer\documents\github\smartshop\components\lvgl\lv_port_linux_frame_buffer\lvgl\lvgl\visualgdb\debug\_1_\src\widgets\roller\lv_roller.o
c:\users\ronohmer\documents\github\smartshop\components\lvgl\lv_port_linux_frame_buffer\lvgl\lvgl\visualgdb\debug\_1_\src\widgets\roller\lv_roller.dep
c:\users\ronohmer\documents\github\smartshop\components\lvgl\lv_port_linux_frame_buffer\lvgl\lvgl\visualgdb\debug\_1_\src\widgets\roller\lv_roller.gcc.rsp
c:\users\ronohmer\documents\github\smartshop\components\lvgl\lv_port_linux_frame_buffer\lvgl\lvgl\visualgdb\debug\_1_\src\widgets\slider\lv_slider.o
c:\users\ronohmer\documents\github\smartshop\components\lvgl\lv_port_linux_frame_buffer\lvgl\lvgl\visualgdb\debug\_1_\src\widgets\slider\lv_slider.dep
c:\users\ronohmer\documents\github\smartshop\components\lvgl\lv_port_linux_frame_buffer\lvgl\lvgl\visualgdb\debug\_1_\src\widgets\slider\lv_slider.gcc.rsp
c:\users\ronohmer\documents\github\smartshop\components\lvgl\lv_port_linux_frame_buffer\lvgl\lvgl\visualgdb\debug\_1_\src\widgets\span\lv_span.o
c:\users\ronohmer\documents\github\smartshop\components\lvgl\lv_port_linux_frame_buffer\lvgl\lvgl\visualgdb\debug\_1_\src\widgets\span\lv_span.dep
c:\users\ronohmer\documents\github\smartshop\components\lvgl\lv_port_linux_frame_buffer\lvgl\lvgl\visualgdb\debug\_1_\src\widgets\span\lv_span.gcc.rsp
c:\users\ronohmer\documents\github\smartshop\components\lvgl\lv_port_linux_frame_buffer\lvgl\lvgl\visualgdb\debug\_1_\src\widgets\spinbox\lv_spinbox.o
c:\users\ronohmer\documents\github\smartshop\components\lvgl\lv_port_linux_frame_buffer\lvgl\lvgl\visualgdb\debug\_1_\src\widgets\spinbox\lv_spinbox.dep
c:\users\ronohmer\documents\github\smartshop\components\lvgl\lv_port_linux_frame_buffer\lvgl\lvgl\visualgdb\debug\_1_\src\widgets\spinbox\lv_spinbox.gcc.rsp
c:\users\ronohmer\documents\github\smartshop\components\lvgl\lv_port_linux_frame_buffer\lvgl\lvgl\visualgdb\debug\_1_\src\widgets\spinner\lv_spinner.o
c:\users\ronohmer\documents\github\smartshop\components\lvgl\lv_port_linux_frame_buffer\lvgl\lvgl\visualgdb\debug\_1_\src\widgets\spinner\lv_spinner.dep
c:\users\ronohmer\documents\github\smartshop\components\lvgl\lv_port_linux_frame_buffer\lvgl\lvgl\visualgdb\debug\_1_\src\widgets\spinner\lv_spinner.gcc.rsp
c:\users\ronohmer\documents\github\smartshop\components\lvgl\lv_port_linux_frame_buffer\lvgl\lvgl\visualgdb\debug\_1_\src\widgets\switch\lv_switch.o
c:\users\ronohmer\documents\github\smartshop\components\lvgl\lv_port_linux_frame_buffer\lvgl\lvgl\visualgdb\debug\_1_\src\widgets\switch\lv_switch.dep
c:\users\ronohmer\documents\github\smartshop\components\lvgl\lv_port_linux_frame_buffer\lvgl\lvgl\visualgdb\debug\_1_\src\widgets\switch\lv_switch.gcc.rsp
c:\users\ronohmer\documents\github\smartshop\components\lvgl\lv_port_linux_frame_buffer\lvgl\lvgl\visualgdb\debug\_1_\src\widgets\table\lv_table.o
c:\users\ronohmer\documents\github\smartshop\components\lvgl\lv_port_linux_frame_buffer\lvgl\lvgl\visualgdb\debug\_1_\src\widgets\table\lv_table.dep
c:\users\ronohmer\documents\github\smartshop\components\lvgl\lv_port_linux_frame_buffer\lvgl\lvgl\visualgdb\debug\_1_\src\widgets\table\lv_table.gcc.rsp
c:\users\ronohmer\documents\github\smartshop\components\lvgl\lv_port_linux_frame_buffer\lvgl\lvgl\visualgdb\debug\_1_\src\widgets\tabview\lv_tabview.o
c:\users\ronohmer\documents\github\smartshop\components\lvgl\lv_port_linux_frame_buffer\lvgl\lvgl\visualgdb\debug\_1_\src\widgets\tabview\lv_tabview.dep
c:\users\ronohmer\documents\github\smartshop\components\lvgl\lv_port_linux_frame_buffer\lvgl\lvgl\visualgdb\debug\_1_\src\widgets\tabview\lv_tabview.gcc.rsp
c:\users\ronohmer\documents\github\smartshop\components\lvgl\lv_port_linux_frame_buffer\lvgl\lvgl\visualgdb\debug\_1_\src\widgets\textarea\lv_textarea.o
c:\users\ronohmer\documents\github\smartshop\components\lvgl\lv_port_linux_frame_buffer\lvgl\lvgl\visualgdb\debug\_1_\src\widgets\textarea\lv_textarea.dep
c:\users\ronohmer\documents\github\smartshop\components\lvgl\lv_port_linux_frame_buffer\lvgl\lvgl\visualgdb\debug\_1_\src\widgets\textarea\lv_textarea.gcc.rsp
c:\users\ronohmer\documents\github\smartshop\components\lvgl\lv_port_linux_frame_buffer\lvgl\lvgl\visualgdb\debug\_1_\src\widgets\tileview\lv_tileview.o
c:\users\ronohmer\documents\github\smartshop\components\lvgl\lv_port_linux_frame_buffer\lvgl\lvgl\visualgdb\debug\_1_\src\widgets\tileview\lv_tileview.dep
c:\users\ronohmer\documents\github\smartshop\components\lvgl\lv_port_linux_frame_buffer\lvgl\lvgl\visualgdb\debug\_1_\src\widgets\tileview\lv_tileview.gcc.rsp
c:\users\ronohmer\documents\github\smartshop\components\lvgl\lv_port_linux_frame_buffer\lvgl\lvgl\visualgdb\debug\_1_\src\widgets\win\lv_win.o
c:\users\ronohmer\documents\github\smartshop\components\lvgl\lv_port_linux_frame_buffer\lvgl\lvgl\visualgdb\debug\_1_\src\widgets\win\lv_win.dep
c:\users\ronohmer\documents\github\smartshop\components\lvgl\lv_port_linux_frame_buffer\lvgl\lvgl\visualgdb\debug\_1_\src\widgets\win\lv_win.gcc.rsp
