c:\users\ronohmer\documents\github\smartshop\visualgdb\debug\ui.so
c:\users\ronohmer\documents\github\smartshop\ui\visualgdb\debug\mainwindow.o
c:\users\ronohmer\documents\github\smartshop\ui\visualgdb\debug\windowmanager.o
c:\users\ronohmer\documents\github\smartshop\ui\visualgdb\debug\mainwindow.dep
c:\users\ronohmer\documents\github\smartshop\ui\visualgdb\debug\windowmanager.dep
c:\users\ronohmer\documents\github\smartshop\ui\visualgdb\debug\mainwindow.gcc.rsp
c:\users\ronohmer\documents\github\smartshop\ui\visualgdb\debug\windowmanager.gcc.rsp
c:\users\ronohmer\documents\github\smartshop\ui\visualgdb\debug\ui.alldeps
c:\users\ronohmer\documents\github\smartshop\ui\visualgdb\debug\images\nowifi.o
c:\users\ronohmer\documents\github\smartshop\ui\visualgdb\debug\images\wifi1.o
c:\users\ronohmer\documents\github\smartshop\ui\visualgdb\debug\images\wifi2.o
c:\users\ronohmer\documents\github\smartshop\ui\visualgdb\debug\images\wifi3.o
c:\users\ronohmer\documents\github\smartshop\ui\visualgdb\debug\images\wifi4.o
c:\users\ronohmer\documents\github\smartshop\ui\visualgdb\debug\images\nowifi.dep
c:\users\ronohmer\documents\github\smartshop\ui\visualgdb\debug\images\wifi1.dep
c:\users\ronohmer\documents\github\smartshop\ui\visualgdb\debug\images\wifi2.dep
c:\users\ronohmer\documents\github\smartshop\ui\visualgdb\debug\images\wifi3.dep
c:\users\ronohmer\documents\github\smartshop\ui\visualgdb\debug\images\wifi4.dep
c:\users\ronohmer\documents\github\smartshop\ui\visualgdb\debug\images\nowifi.gcc.rsp
c:\users\ronohmer\documents\github\smartshop\ui\visualgdb\debug\images\wifi1.gcc.rsp
c:\users\ronohmer\documents\github\smartshop\ui\visualgdb\debug\images\wifi2.gcc.rsp
c:\users\ronohmer\documents\github\smartshop\ui\visualgdb\debug\images\wifi3.gcc.rsp
c:\users\ronohmer\documents\github\smartshop\ui\visualgdb\debug\images\wifi4.gcc.rsp
