c:\users\ronohmer\documents\github\smartshop\visualgdb\debug\lvgl_drivers.so
c:\users\ronohmer\documents\github\smartshop\components\lvgl\lv_port_linux_frame_buffer\lv_drivers\lvgl_drivers\visualgdb\debug\lvgl_drivers.alldeps
c:\users\ronohmer\documents\github\smartshop\components\lvgl\lv_port_linux_frame_buffer\lv_drivers\lvgl_drivers\visualgdb\debug\_1_\display\drm.o
c:\users\ronohmer\documents\github\smartshop\components\lvgl\lv_port_linux_frame_buffer\lv_drivers\lvgl_drivers\visualgdb\debug\_1_\display\fbdev.o
c:\users\ronohmer\documents\github\smartshop\components\lvgl\lv_port_linux_frame_buffer\lv_drivers\lvgl_drivers\visualgdb\debug\_1_\display\gc9a01.o
c:\users\ronohmer\documents\github\smartshop\components\lvgl\lv_port_linux_frame_buffer\lv_drivers\lvgl_drivers\visualgdb\debug\_1_\display\ili9341.o
c:\users\ronohmer\documents\github\smartshop\components\lvgl\lv_port_linux_frame_buffer\lv_drivers\lvgl_drivers\visualgdb\debug\_1_\display\r61581.o
c:\users\ronohmer\documents\github\smartshop\components\lvgl\lv_port_linux_frame_buffer\lv_drivers\lvgl_drivers\visualgdb\debug\_1_\display\sharp_mip.o
c:\users\ronohmer\documents\github\smartshop\components\lvgl\lv_port_linux_frame_buffer\lv_drivers\lvgl_drivers\visualgdb\debug\_1_\display\ssd1963.o
c:\users\ronohmer\documents\github\smartshop\components\lvgl\lv_port_linux_frame_buffer\lv_drivers\lvgl_drivers\visualgdb\debug\_1_\display\st7565.o
c:\users\ronohmer\documents\github\smartshop\components\lvgl\lv_port_linux_frame_buffer\lv_drivers\lvgl_drivers\visualgdb\debug\_1_\display\uc1610.o
c:\users\ronohmer\documents\github\smartshop\components\lvgl\lv_port_linux_frame_buffer\lv_drivers\lvgl_drivers\visualgdb\debug\_1_\display\drm.dep
c:\users\ronohmer\documents\github\smartshop\components\lvgl\lv_port_linux_frame_buffer\lv_drivers\lvgl_drivers\visualgdb\debug\_1_\display\fbdev.dep
c:\users\ronohmer\documents\github\smartshop\components\lvgl\lv_port_linux_frame_buffer\lv_drivers\lvgl_drivers\visualgdb\debug\_1_\display\gc9a01.dep
c:\users\ronohmer\documents\github\smartshop\components\lvgl\lv_port_linux_frame_buffer\lv_drivers\lvgl_drivers\visualgdb\debug\_1_\display\ili9341.dep
c:\users\ronohmer\documents\github\smartshop\components\lvgl\lv_port_linux_frame_buffer\lv_drivers\lvgl_drivers\visualgdb\debug\_1_\display\r61581.dep
c:\users\ronohmer\documents\github\smartshop\components\lvgl\lv_port_linux_frame_buffer\lv_drivers\lvgl_drivers\visualgdb\debug\_1_\display\sharp_mip.dep
c:\users\ronohmer\documents\github\smartshop\components\lvgl\lv_port_linux_frame_buffer\lv_drivers\lvgl_drivers\visualgdb\debug\_1_\display\ssd1963.dep
c:\users\ronohmer\documents\github\smartshop\components\lvgl\lv_port_linux_frame_buffer\lv_drivers\lvgl_drivers\visualgdb\debug\_1_\display\st7565.dep
c:\users\ronohmer\documents\github\smartshop\components\lvgl\lv_port_linux_frame_buffer\lv_drivers\lvgl_drivers\visualgdb\debug\_1_\display\uc1610.dep
c:\users\ronohmer\documents\github\smartshop\components\lvgl\lv_port_linux_frame_buffer\lv_drivers\lvgl_drivers\visualgdb\debug\_1_\display\drm.gcc.rsp
c:\users\ronohmer\documents\github\smartshop\components\lvgl\lv_port_linux_frame_buffer\lv_drivers\lvgl_drivers\visualgdb\debug\_1_\display\fbdev.gcc.rsp
c:\users\ronohmer\documents\github\smartshop\components\lvgl\lv_port_linux_frame_buffer\lv_drivers\lvgl_drivers\visualgdb\debug\_1_\display\gc9a01.gcc.rsp
c:\users\ronohmer\documents\github\smartshop\components\lvgl\lv_port_linux_frame_buffer\lv_drivers\lvgl_drivers\visualgdb\debug\_1_\display\ili9341.gcc.rsp
c:\users\ronohmer\documents\github\smartshop\components\lvgl\lv_port_linux_frame_buffer\lv_drivers\lvgl_drivers\visualgdb\debug\_1_\display\r61581.gcc.rsp
c:\users\ronohmer\documents\github\smartshop\components\lvgl\lv_port_linux_frame_buffer\lv_drivers\lvgl_drivers\visualgdb\debug\_1_\display\sharp_mip.gcc.rsp
c:\users\ronohmer\documents\github\smartshop\components\lvgl\lv_port_linux_frame_buffer\lv_drivers\lvgl_drivers\visualgdb\debug\_1_\display\ssd1963.gcc.rsp
c:\users\ronohmer\documents\github\smartshop\components\lvgl\lv_port_linux_frame_buffer\lv_drivers\lvgl_drivers\visualgdb\debug\_1_\display\st7565.gcc.rsp
c:\users\ronohmer\documents\github\smartshop\components\lvgl\lv_port_linux_frame_buffer\lv_drivers\lvgl_drivers\visualgdb\debug\_1_\display\uc1610.gcc.rsp
c:\users\ronohmer\documents\github\smartshop\components\lvgl\lv_port_linux_frame_buffer\lv_drivers\lvgl_drivers\visualgdb\debug\_1_\gtkdrv\gtkdrv.o
c:\users\ronohmer\documents\github\smartshop\components\lvgl\lv_port_linux_frame_buffer\lv_drivers\lvgl_drivers\visualgdb\debug\_1_\gtkdrv\gtkdrv.dep
c:\users\ronohmer\documents\github\smartshop\components\lvgl\lv_port_linux_frame_buffer\lv_drivers\lvgl_drivers\visualgdb\debug\_1_\gtkdrv\gtkdrv.gcc.rsp
c:\users\ronohmer\documents\github\smartshop\components\lvgl\lv_port_linux_frame_buffer\lv_drivers\lvgl_drivers\visualgdb\debug\_1_\indev\ad_touch.o
c:\users\ronohmer\documents\github\smartshop\components\lvgl\lv_port_linux_frame_buffer\lv_drivers\lvgl_drivers\visualgdb\debug\_1_\indev\evdev.o
c:\users\ronohmer\documents\github\smartshop\components\lvgl\lv_port_linux_frame_buffer\lv_drivers\lvgl_drivers\visualgdb\debug\_1_\indev\ft5406ee8.o
c:\users\ronohmer\documents\github\smartshop\components\lvgl\lv_port_linux_frame_buffer\lv_drivers\lvgl_drivers\visualgdb\debug\_1_\indev\libinput.o
c:\users\ronohmer\documents\github\smartshop\components\lvgl\lv_port_linux_frame_buffer\lv_drivers\lvgl_drivers\visualgdb\debug\_1_\indev\xkb.o
c:\users\ronohmer\documents\github\smartshop\components\lvgl\lv_port_linux_frame_buffer\lv_drivers\lvgl_drivers\visualgdb\debug\_1_\indev\xpt2046.o
c:\users\ronohmer\documents\github\smartshop\components\lvgl\lv_port_linux_frame_buffer\lv_drivers\lvgl_drivers\visualgdb\debug\_1_\indev\ad_touch.dep
c:\users\ronohmer\documents\github\smartshop\components\lvgl\lv_port_linux_frame_buffer\lv_drivers\lvgl_drivers\visualgdb\debug\_1_\indev\evdev.dep
c:\users\ronohmer\documents\github\smartshop\components\lvgl\lv_port_linux_frame_buffer\lv_drivers\lvgl_drivers\visualgdb\debug\_1_\indev\ft5406ee8.dep
c:\users\ronohmer\documents\github\smartshop\components\lvgl\lv_port_linux_frame_buffer\lv_drivers\lvgl_drivers\visualgdb\debug\_1_\indev\libinput.dep
c:\users\ronohmer\documents\github\smartshop\components\lvgl\lv_port_linux_frame_buffer\lv_drivers\lvgl_drivers\visualgdb\debug\_1_\indev\xkb.dep
c:\users\ronohmer\documents\github\smartshop\components\lvgl\lv_port_linux_frame_buffer\lv_drivers\lvgl_drivers\visualgdb\debug\_1_\indev\xpt2046.dep
c:\users\ronohmer\documents\github\smartshop\components\lvgl\lv_port_linux_frame_buffer\lv_drivers\lvgl_drivers\visualgdb\debug\_1_\indev\ad_touch.gcc.rsp
c:\users\ronohmer\documents\github\smartshop\components\lvgl\lv_port_linux_frame_buffer\lv_drivers\lvgl_drivers\visualgdb\debug\_1_\indev\evdev.gcc.rsp
c:\users\ronohmer\documents\github\smartshop\components\lvgl\lv_port_linux_frame_buffer\lv_drivers\lvgl_drivers\visualgdb\debug\_1_\indev\ft5406ee8.gcc.rsp
c:\users\ronohmer\documents\github\smartshop\components\lvgl\lv_port_linux_frame_buffer\lv_drivers\lvgl_drivers\visualgdb\debug\_1_\indev\libinput.gcc.rsp
c:\users\ronohmer\documents\github\smartshop\components\lvgl\lv_port_linux_frame_buffer\lv_drivers\lvgl_drivers\visualgdb\debug\_1_\indev\xkb.gcc.rsp
c:\users\ronohmer\documents\github\smartshop\components\lvgl\lv_port_linux_frame_buffer\lv_drivers\lvgl_drivers\visualgdb\debug\_1_\indev\xpt2046.gcc.rsp
c:\users\ronohmer\documents\github\smartshop\components\lvgl\lv_port_linux_frame_buffer\lv_drivers\lvgl_drivers\visualgdb\debug\_1_\sdl\sdl.o
c:\users\ronohmer\documents\github\smartshop\components\lvgl\lv_port_linux_frame_buffer\lv_drivers\lvgl_drivers\visualgdb\debug\_1_\sdl\sdl_common.o
c:\users\ronohmer\documents\github\smartshop\components\lvgl\lv_port_linux_frame_buffer\lv_drivers\lvgl_drivers\visualgdb\debug\_1_\sdl\sdl_gpu.o
c:\users\ronohmer\documents\github\smartshop\components\lvgl\lv_port_linux_frame_buffer\lv_drivers\lvgl_drivers\visualgdb\debug\_1_\sdl\sdl.dep
c:\users\ronohmer\documents\github\smartshop\components\lvgl\lv_port_linux_frame_buffer\lv_drivers\lvgl_drivers\visualgdb\debug\_1_\sdl\sdl_common.dep
c:\users\ronohmer\documents\github\smartshop\components\lvgl\lv_port_linux_frame_buffer\lv_drivers\lvgl_drivers\visualgdb\debug\_1_\sdl\sdl_gpu.dep
c:\users\ronohmer\documents\github\smartshop\components\lvgl\lv_port_linux_frame_buffer\lv_drivers\lvgl_drivers\visualgdb\debug\_1_\sdl\sdl.gcc.rsp
c:\users\ronohmer\documents\github\smartshop\components\lvgl\lv_port_linux_frame_buffer\lv_drivers\lvgl_drivers\visualgdb\debug\_1_\sdl\sdl_common.gcc.rsp
c:\users\ronohmer\documents\github\smartshop\components\lvgl\lv_port_linux_frame_buffer\lv_drivers\lvgl_drivers\visualgdb\debug\_1_\sdl\sdl_gpu.gcc.rsp
c:\users\ronohmer\documents\github\smartshop\components\lvgl\lv_port_linux_frame_buffer\lv_drivers\lvgl_drivers\visualgdb\debug\_1_\wayland\wayland.o
c:\users\ronohmer\documents\github\smartshop\components\lvgl\lv_port_linux_frame_buffer\lv_drivers\lvgl_drivers\visualgdb\debug\_1_\wayland\wayland.dep
c:\users\ronohmer\documents\github\smartshop\components\lvgl\lv_port_linux_frame_buffer\lv_drivers\lvgl_drivers\visualgdb\debug\_1_\wayland\wayland.gcc.rsp
c:\users\ronohmer\documents\github\smartshop\components\lvgl\lv_port_linux_frame_buffer\lv_drivers\lvgl_drivers\visualgdb\debug\_1_\win_drv.o
c:\users\ronohmer\documents\github\smartshop\components\lvgl\lv_port_linux_frame_buffer\lv_drivers\lvgl_drivers\visualgdb\debug\_1_\win_drv.dep
c:\users\ronohmer\documents\github\smartshop\components\lvgl\lv_port_linux_frame_buffer\lv_drivers\lvgl_drivers\visualgdb\debug\_1_\win_drv.gcc.rsp
