c:\users\ronohmer\documents\github\smartshop\visualgdb\debug\pistache.so
c:\users\ronohmer\documents\github\smartshop\components\pistache-master\pistache\visualgdb\debug\pistache.alldeps
c:\users\ronohmer\documents\github\smartshop\components\pistache-master\pistache\visualgdb\debug\_1_\src\client\client.o
c:\users\ronohmer\documents\github\smartshop\components\pistache-master\pistache\visualgdb\debug\_1_\src\client\client.dep
c:\users\ronohmer\documents\github\smartshop\components\pistache-master\pistache\visualgdb\debug\_1_\src\client\client.gcc.rsp
c:\users\ronohmer\documents\github\smartshop\components\pistache-master\pistache\visualgdb\debug\_1_\src\common\base64.o
c:\users\ronohmer\documents\github\smartshop\components\pistache-master\pistache\visualgdb\debug\_1_\src\common\cookie.o
c:\users\ronohmer\documents\github\smartshop\components\pistache-master\pistache\visualgdb\debug\_1_\src\common\description.o
c:\users\ronohmer\documents\github\smartshop\components\pistache-master\pistache\visualgdb\debug\_1_\src\common\http.o
c:\users\ronohmer\documents\github\smartshop\components\pistache-master\pistache\visualgdb\debug\_1_\src\common\http_defs.o
c:\users\ronohmer\documents\github\smartshop\components\pistache-master\pistache\visualgdb\debug\_1_\src\common\http_header.o
c:\users\ronohmer\documents\github\smartshop\components\pistache-master\pistache\visualgdb\debug\_1_\src\common\http_headers.o
c:\users\ronohmer\documents\github\smartshop\components\pistache-master\pistache\visualgdb\debug\_1_\src\common\mime.o
c:\users\ronohmer\documents\github\smartshop\components\pistache-master\pistache\visualgdb\debug\_1_\src\common\net.o
c:\users\ronohmer\documents\github\smartshop\components\pistache-master\pistache\visualgdb\debug\_1_\src\common\os.o
c:\users\ronohmer\documents\github\smartshop\components\pistache-master\pistache\visualgdb\debug\_1_\src\common\peer.o
c:\users\ronohmer\documents\github\smartshop\components\pistache-master\pistache\visualgdb\debug\_1_\src\common\reactor.o
c:\users\ronohmer\documents\github\smartshop\components\pistache-master\pistache\visualgdb\debug\_1_\src\common\stream.o
c:\users\ronohmer\documents\github\smartshop\components\pistache-master\pistache\visualgdb\debug\_1_\src\common\string_logger.o
c:\users\ronohmer\documents\github\smartshop\components\pistache-master\pistache\visualgdb\debug\_1_\src\common\tcp.o
c:\users\ronohmer\documents\github\smartshop\components\pistache-master\pistache\visualgdb\debug\_1_\src\common\timer_pool.o
c:\users\ronohmer\documents\github\smartshop\components\pistache-master\pistache\visualgdb\debug\_1_\src\common\transport.o
c:\users\ronohmer\documents\github\smartshop\components\pistache-master\pistache\visualgdb\debug\_1_\src\common\utils.o
c:\users\ronohmer\documents\github\smartshop\components\pistache-master\pistache\visualgdb\debug\_1_\src\common\base64.dep
c:\users\ronohmer\documents\github\smartshop\components\pistache-master\pistache\visualgdb\debug\_1_\src\common\cookie.dep
c:\users\ronohmer\documents\github\smartshop\components\pistache-master\pistache\visualgdb\debug\_1_\src\common\description.dep
c:\users\ronohmer\documents\github\smartshop\components\pistache-master\pistache\visualgdb\debug\_1_\src\common\http.dep
c:\users\ronohmer\documents\github\smartshop\components\pistache-master\pistache\visualgdb\debug\_1_\src\common\http_defs.dep
c:\users\ronohmer\documents\github\smartshop\components\pistache-master\pistache\visualgdb\debug\_1_\src\common\http_header.dep
c:\users\ronohmer\documents\github\smartshop\components\pistache-master\pistache\visualgdb\debug\_1_\src\common\http_headers.dep
c:\users\ronohmer\documents\github\smartshop\components\pistache-master\pistache\visualgdb\debug\_1_\src\common\mime.dep
c:\users\ronohmer\documents\github\smartshop\components\pistache-master\pistache\visualgdb\debug\_1_\src\common\net.dep
c:\users\ronohmer\documents\github\smartshop\components\pistache-master\pistache\visualgdb\debug\_1_\src\common\os.dep
c:\users\ronohmer\documents\github\smartshop\components\pistache-master\pistache\visualgdb\debug\_1_\src\common\peer.dep
c:\users\ronohmer\documents\github\smartshop\components\pistache-master\pistache\visualgdb\debug\_1_\src\common\reactor.dep
c:\users\ronohmer\documents\github\smartshop\components\pistache-master\pistache\visualgdb\debug\_1_\src\common\stream.dep
c:\users\ronohmer\documents\github\smartshop\components\pistache-master\pistache\visualgdb\debug\_1_\src\common\string_logger.dep
c:\users\ronohmer\documents\github\smartshop\components\pistache-master\pistache\visualgdb\debug\_1_\src\common\tcp.dep
c:\users\ronohmer\documents\github\smartshop\components\pistache-master\pistache\visualgdb\debug\_1_\src\common\timer_pool.dep
c:\users\ronohmer\documents\github\smartshop\components\pistache-master\pistache\visualgdb\debug\_1_\src\common\transport.dep
c:\users\ronohmer\documents\github\smartshop\components\pistache-master\pistache\visualgdb\debug\_1_\src\common\utils.dep
c:\users\ronohmer\documents\github\smartshop\components\pistache-master\pistache\visualgdb\debug\_1_\src\common\base64.gcc.rsp
c:\users\ronohmer\documents\github\smartshop\components\pistache-master\pistache\visualgdb\debug\_1_\src\common\cookie.gcc.rsp
c:\users\ronohmer\documents\github\smartshop\components\pistache-master\pistache\visualgdb\debug\_1_\src\common\description.gcc.rsp
c:\users\ronohmer\documents\github\smartshop\components\pistache-master\pistache\visualgdb\debug\_1_\src\common\http.gcc.rsp
c:\users\ronohmer\documents\github\smartshop\components\pistache-master\pistache\visualgdb\debug\_1_\src\common\http_defs.gcc.rsp
c:\users\ronohmer\documents\github\smartshop\components\pistache-master\pistache\visualgdb\debug\_1_\src\common\http_header.gcc.rsp
c:\users\ronohmer\documents\github\smartshop\components\pistache-master\pistache\visualgdb\debug\_1_\src\common\http_headers.gcc.rsp
c:\users\ronohmer\documents\github\smartshop\components\pistache-master\pistache\visualgdb\debug\_1_\src\common\mime.gcc.rsp
c:\users\ronohmer\documents\github\smartshop\components\pistache-master\pistache\visualgdb\debug\_1_\src\common\net.gcc.rsp
c:\users\ronohmer\documents\github\smartshop\components\pistache-master\pistache\visualgdb\debug\_1_\src\common\os.gcc.rsp
c:\users\ronohmer\documents\github\smartshop\components\pistache-master\pistache\visualgdb\debug\_1_\src\common\peer.gcc.rsp
c:\users\ronohmer\documents\github\smartshop\components\pistache-master\pistache\visualgdb\debug\_1_\src\common\reactor.gcc.rsp
c:\users\ronohmer\documents\github\smartshop\components\pistache-master\pistache\visualgdb\debug\_1_\src\common\stream.gcc.rsp
c:\users\ronohmer\documents\github\smartshop\components\pistache-master\pistache\visualgdb\debug\_1_\src\common\string_logger.gcc.rsp
c:\users\ronohmer\documents\github\smartshop\components\pistache-master\pistache\visualgdb\debug\_1_\src\common\tcp.gcc.rsp
c:\users\ronohmer\documents\github\smartshop\components\pistache-master\pistache\visualgdb\debug\_1_\src\common\timer_pool.gcc.rsp
c:\users\ronohmer\documents\github\smartshop\components\pistache-master\pistache\visualgdb\debug\_1_\src\common\transport.gcc.rsp
c:\users\ronohmer\documents\github\smartshop\components\pistache-master\pistache\visualgdb\debug\_1_\src\common\utils.gcc.rsp
c:\users\ronohmer\documents\github\smartshop\components\pistache-master\pistache\visualgdb\debug\_1_\src\server\endpoint.o
c:\users\ronohmer\documents\github\smartshop\components\pistache-master\pistache\visualgdb\debug\_1_\src\server\listener.o
c:\users\ronohmer\documents\github\smartshop\components\pistache-master\pistache\visualgdb\debug\_1_\src\server\router.o
c:\users\ronohmer\documents\github\smartshop\components\pistache-master\pistache\visualgdb\debug\_1_\src\server\endpoint.dep
c:\users\ronohmer\documents\github\smartshop\components\pistache-master\pistache\visualgdb\debug\_1_\src\server\listener.dep
c:\users\ronohmer\documents\github\smartshop\components\pistache-master\pistache\visualgdb\debug\_1_\src\server\router.dep
c:\users\ronohmer\documents\github\smartshop\components\pistache-master\pistache\visualgdb\debug\_1_\src\server\endpoint.gcc.rsp
c:\users\ronohmer\documents\github\smartshop\components\pistache-master\pistache\visualgdb\debug\_1_\src\server\listener.gcc.rsp
c:\users\ronohmer\documents\github\smartshop\components\pistache-master\pistache\visualgdb\debug\_1_\src\server\router.gcc.rsp
