c:\users\ronohmer\documents\github\smartshop\visualgdb\debug\libwpa.so
c:\users\ronohmer\documents\github\smartshop\components\libwpa\visualgdb\debug\libwpa.alldeps
c:\users\ronohmer\documents\github\smartshop\components\libwpa\visualgdb\debug\wpa_cli_oper\bitarray.o
c:\users\ronohmer\documents\github\smartshop\components\libwpa\visualgdb\debug\wpa_cli_oper\compat.o
c:\users\ronohmer\documents\github\smartshop\components\libwpa\visualgdb\debug\wpa_cli_oper\smartlist.o
c:\users\ronohmer\documents\github\smartshop\components\libwpa\visualgdb\debug\wpa_cli_oper\wpa_cli_oper.o
c:\users\ronohmer\documents\github\smartshop\components\libwpa\visualgdb\debug\wpa_cli_oper\bitarray.dep
c:\users\ronohmer\documents\github\smartshop\components\libwpa\visualgdb\debug\wpa_cli_oper\compat.dep
c:\users\ronohmer\documents\github\smartshop\components\libwpa\visualgdb\debug\wpa_cli_oper\smartlist.dep
c:\users\ronohmer\documents\github\smartshop\components\libwpa\visualgdb\debug\wpa_cli_oper\wpa_cli_oper.dep
c:\users\ronohmer\documents\github\smartshop\components\libwpa\visualgdb\debug\wpa_cli_oper\bitarray.gcc.rsp
c:\users\ronohmer\documents\github\smartshop\components\libwpa\visualgdb\debug\wpa_cli_oper\compat.gcc.rsp
c:\users\ronohmer\documents\github\smartshop\components\libwpa\visualgdb\debug\wpa_cli_oper\smartlist.gcc.rsp
c:\users\ronohmer\documents\github\smartshop\components\libwpa\visualgdb\debug\wpa_cli_oper\wpa_cli_oper.gcc.rsp
c:\users\ronohmer\documents\github\smartshop\components\libwpa\visualgdb\debug\wpa_supplicant-2.6\src\common\cli.o
c:\users\ronohmer\documents\github\smartshop\components\libwpa\visualgdb\debug\wpa_supplicant-2.6\src\common\wpa_ctrl.o
c:\users\ronohmer\documents\github\smartshop\components\libwpa\visualgdb\debug\wpa_supplicant-2.6\src\common\cli.dep
c:\users\ronohmer\documents\github\smartshop\components\libwpa\visualgdb\debug\wpa_supplicant-2.6\src\common\wpa_ctrl.dep
c:\users\ronohmer\documents\github\smartshop\components\libwpa\visualgdb\debug\wpa_supplicant-2.6\src\common\cli.gcc.rsp
c:\users\ronohmer\documents\github\smartshop\components\libwpa\visualgdb\debug\wpa_supplicant-2.6\src\common\wpa_ctrl.gcc.rsp
c:\users\ronohmer\documents\github\smartshop\components\libwpa\visualgdb\debug\wpa_supplicant-2.6\src\utils\common.o
c:\users\ronohmer\documents\github\smartshop\components\libwpa\visualgdb\debug\wpa_supplicant-2.6\src\utils\edit.o
c:\users\ronohmer\documents\github\smartshop\components\libwpa\visualgdb\debug\wpa_supplicant-2.6\src\utils\eloop.o
c:\users\ronohmer\documents\github\smartshop\components\libwpa\visualgdb\debug\wpa_supplicant-2.6\src\utils\os_unix.o
c:\users\ronohmer\documents\github\smartshop\components\libwpa\visualgdb\debug\wpa_supplicant-2.6\src\utils\wpa_debug.o
c:\users\ronohmer\documents\github\smartshop\components\libwpa\visualgdb\debug\wpa_supplicant-2.6\src\utils\common.dep
c:\users\ronohmer\documents\github\smartshop\components\libwpa\visualgdb\debug\wpa_supplicant-2.6\src\utils\edit.dep
c:\users\ronohmer\documents\github\smartshop\components\libwpa\visualgdb\debug\wpa_supplicant-2.6\src\utils\eloop.dep
c:\users\ronohmer\documents\github\smartshop\components\libwpa\visualgdb\debug\wpa_supplicant-2.6\src\utils\os_unix.dep
c:\users\ronohmer\documents\github\smartshop\components\libwpa\visualgdb\debug\wpa_supplicant-2.6\src\utils\wpa_debug.dep
c:\users\ronohmer\documents\github\smartshop\components\libwpa\visualgdb\debug\wpa_supplicant-2.6\src\utils\common.gcc.rsp
c:\users\ronohmer\documents\github\smartshop\components\libwpa\visualgdb\debug\wpa_supplicant-2.6\src\utils\edit.gcc.rsp
c:\users\ronohmer\documents\github\smartshop\components\libwpa\visualgdb\debug\wpa_supplicant-2.6\src\utils\eloop.gcc.rsp
c:\users\ronohmer\documents\github\smartshop\components\libwpa\visualgdb\debug\wpa_supplicant-2.6\src\utils\os_unix.gcc.rsp
c:\users\ronohmer\documents\github\smartshop\components\libwpa\visualgdb\debug\wpa_supplicant-2.6\src\utils\wpa_debug.gcc.rsp
c:\users\ronohmer\documents\github\smartshop\components\libwpa\visualgdb\debug\wpa_supplicant-2.6\wpa_supplicant\libwpa_cli_wrapper.o
c:\users\ronohmer\documents\github\smartshop\components\libwpa\visualgdb\debug\wpa_supplicant-2.6\wpa_supplicant\libwpa_cli_wrapper.dep
c:\users\ronohmer\documents\github\smartshop\components\libwpa\visualgdb\debug\wpa_supplicant-2.6\wpa_supplicant\libwpa_cli_wrapper.gcc.rsp
