c:\users\ronohmer\documents\github\smartshop\visualgdb\debug\sensorevent.so
c:\users\ronohmer\documents\github\smartshop\sensorevent\visualgdb\debug\binarydata.o
c:\users\ronohmer\documents\github\smartshop\sensorevent\visualgdb\debug\colordata.o
c:\users\ronohmer\documents\github\smartshop\sensorevent\visualgdb\debug\floatdata.o
c:\users\ronohmer\documents\github\smartshop\sensorevent\visualgdb\debug\intdata.o
c:\users\ronohmer\documents\github\smartshop\sensorevent\visualgdb\debug\sensorevent.o
c:\users\ronohmer\documents\github\smartshop\sensorevent\visualgdb\debug\stringdata.o
c:\users\ronohmer\documents\github\smartshop\sensorevent\visualgdb\debug\switchdata.o
c:\users\ronohmer\documents\github\smartshop\sensorevent\visualgdb\debug\vectordata.o
c:\users\ronohmer\documents\github\smartshop\sensorevent\visualgdb\debug\binarydata.dep
c:\users\ronohmer\documents\github\smartshop\sensorevent\visualgdb\debug\colordata.dep
c:\users\ronohmer\documents\github\smartshop\sensorevent\visualgdb\debug\floatdata.dep
c:\users\ronohmer\documents\github\smartshop\sensorevent\visualgdb\debug\intdata.dep
c:\users\ronohmer\documents\github\smartshop\sensorevent\visualgdb\debug\sensorevent.dep
c:\users\ronohmer\documents\github\smartshop\sensorevent\visualgdb\debug\stringdata.dep
c:\users\ronohmer\documents\github\smartshop\sensorevent\visualgdb\debug\switchdata.dep
c:\users\ronohmer\documents\github\smartshop\sensorevent\visualgdb\debug\vectordata.dep
c:\users\ronohmer\documents\github\smartshop\sensorevent\visualgdb\debug\binarydata.gcc.rsp
c:\users\ronohmer\documents\github\smartshop\sensorevent\visualgdb\debug\colordata.gcc.rsp
c:\users\ronohmer\documents\github\smartshop\sensorevent\visualgdb\debug\floatdata.gcc.rsp
c:\users\ronohmer\documents\github\smartshop\sensorevent\visualgdb\debug\intdata.gcc.rsp
c:\users\ronohmer\documents\github\smartshop\sensorevent\visualgdb\debug\sensorevent.gcc.rsp
c:\users\ronohmer\documents\github\smartshop\sensorevent\visualgdb\debug\stringdata.gcc.rsp
c:\users\ronohmer\documents\github\smartshop\sensorevent\visualgdb\debug\switchdata.gcc.rsp
c:\users\ronohmer\documents\github\smartshop\sensorevent\visualgdb\debug\vectordata.gcc.rsp
c:\users\ronohmer\documents\github\smartshop\sensorevent\visualgdb\debug\sensorevent.alldeps
