c:\users\ronohmer\documents\github\smartshop\visualgdb\debug\zeroconf.so
c:\users\ronohmer\documents\github\smartshop\zeroconf\visualgdb\debug\capabilities.o
c:\users\ronohmer\documents\github\smartshop\zeroconf\visualgdb\debug\peer.o
c:\users\ronohmer\documents\github\smartshop\zeroconf\visualgdb\debug\udp_discovery_ip_port.o
c:\users\ronohmer\documents\github\smartshop\zeroconf\visualgdb\debug\udp_discovery_peer.o
c:\users\ronohmer\documents\github\smartshop\zeroconf\visualgdb\debug\udp_discovery_protocol.o
c:\users\ronohmer\documents\github\smartshop\zeroconf\visualgdb\debug\zeroconf.o
c:\users\ronohmer\documents\github\smartshop\zeroconf\visualgdb\debug\capabilities.dep
c:\users\ronohmer\documents\github\smartshop\zeroconf\visualgdb\debug\peer.dep
c:\users\ronohmer\documents\github\smartshop\zeroconf\visualgdb\debug\udp_discovery_ip_port.dep
c:\users\ronohmer\documents\github\smartshop\zeroconf\visualgdb\debug\udp_discovery_peer.dep
c:\users\ronohmer\documents\github\smartshop\zeroconf\visualgdb\debug\udp_discovery_protocol.dep
c:\users\ronohmer\documents\github\smartshop\zeroconf\visualgdb\debug\zeroconf.dep
c:\users\ronohmer\documents\github\smartshop\zeroconf\visualgdb\debug\capabilities.gcc.rsp
c:\users\ronohmer\documents\github\smartshop\zeroconf\visualgdb\debug\peer.gcc.rsp
c:\users\ronohmer\documents\github\smartshop\zeroconf\visualgdb\debug\udp_discovery_ip_port.gcc.rsp
c:\users\ronohmer\documents\github\smartshop\zeroconf\visualgdb\debug\udp_discovery_peer.gcc.rsp
c:\users\ronohmer\documents\github\smartshop\zeroconf\visualgdb\debug\udp_discovery_protocol.gcc.rsp
c:\users\ronohmer\documents\github\smartshop\zeroconf\visualgdb\debug\zeroconf.gcc.rsp
c:\users\ronohmer\documents\github\smartshop\zeroconf\visualgdb\debug\zeroconf.alldeps
